2025-02-04 06:22:20,895 - apscheduler.scheduler - INFO - Adding job tentatively -- it will be properly scheduled when the scheduler starts
2025-02-04 06:22:21,278 - httpx - INFO - HTTP Request: POST https://api.telegram.org/bot7719047607:AAE-tWMiqZLoPGLXy4mIWmgOtWeje9mrF9Y/getMe "HTTP/1.1 200 OK"
2025-02-04 06:22:21,302 - httpx - INFO - HTTP Request: POST https://api.telegram.org/bot7719047607:AAE-tWMiqZLoPGLXy4mIWmgOtWeje9mrF9Y/deleteWebhook "HTTP/1.1 200 OK"
2025-02-04 06:22:21,304 - apscheduler.scheduler - INFO - Added job "daily_maintenance" to job store "default"
2025-02-04 06:22:21,305 - apscheduler.scheduler - INFO - Scheduler started
2025-02-04 06:22:21,305 - telegram.ext.Application - INFO - Application started
2025-02-04 06:22:31,379 - httpx - INFO - HTTP Request: POST https://api.telegram.org/bot7719047607:AAE-tWMiqZLoPGLXy4mIWmgOtWeje9mrF9Y/getUpdates "HTTP/1.1 200 OK"
2025-02-04 06:22:41,407 - httpx - INFO - HTTP Request: POST https://api.telegram.org/bot7719047607:AAE-tWMiqZLoPGLXy4mIWmgOtWeje9mrF9Y/getUpdates "HTTP/1.1 200 OK"
2025-02-04 06:22:51,434 - httpx - INFO - HTTP Request: POST https://api.telegram.org/bot7719047607:AAE-tWMiqZLoPGLXy4mIWmgOtWeje9mrF9Y/getUpdates "HTTP/1.1 200 OK"
2025-02-04 06:23:01,485 - httpx - INFO - HTTP Request: POST https://api.telegram.org/bot7719047607:AAE-tWMiqZLoPGLXy4mIWmgOtWeje9mrF9Y/getUpdates "HTTP/1.1 200 OK"
2025-02-04 06:23:11,511 - httpx - INFO - HTTP Request: POST https://api.telegram.org/bot7719047607:AAE-tWMiqZLoPGLXy4mIWmgOtWeje9mrF9Y/getUpdates "HTTP/1.1 200 OK"
2025-02-04 06:23:21,534 - httpx - INFO - HTTP Request: POST https://api.telegram.org/bot7719047607:AAE-tWMiqZLoPGLXy4mIWmgOtWeje9mrF9Y/getUpdates "HTTP/1.1 200 OK"
2025-02-04 06:23:31,564 - httpx - INFO - HTTP Request: POST https://api.telegram.org/bot7719047607:AAE-tWMiqZLoPGLXy4mIWmgOtWeje9mrF9Y/getUpdates "HTTP/1.1 200 OK"
2025-02-04 06:23:41,587 - httpx - INFO - HTTP Request: POST https://api.telegram.org/bot7719047607:AAE-tWMiqZLoPGLXy4mIWmgOtWeje9mrF9Y/getUpdates "HTTP/1.1 200 OK"
2025-02-04 06:23:51,612 - httpx - INFO - HTTP Request: POST https://api.telegram.org/bot7719047607:AAE-tWMiqZLoPGLXy4mIWmgOtWeje9mrF9Y/getUpdates "HTTP/1.1 200 OK"
2025-02-04 06:24:01,684 - httpx - INFO - HTTP Request: POST https://api.telegram.org/bot7719047607:AAE-tWMiqZLoPGLXy4mIWmgOtWeje9mrF9Y/getUpdates "HTTP/1.1 200 OK"
2025-02-04 06:24:11,715 - httpx - INFO - HTTP Request: POST https://api.telegram.org/bot7719047607:AAE-tWMiqZLoPGLXy4mIWmgOtWeje9mrF9Y/getUpdates "HTTP/1.1 200 OK"
2025-02-04 06:24:21,751 - httpx - INFO - HTTP Request: POST https://api.telegram.org/bot7719047607:AAE-tWMiqZLoPGLXy4mIWmgOtWeje9mrF9Y/getUpdates "HTTP/1.1 200 OK"
2025-02-04 06:24:31,777 - httpx - INFO - HTTP Request: POST https://api.telegram.org/bot7719047607:AAE-tWMiqZLoPGLXy4mIWmgOtWeje9mrF9Y/getUpdates "HTTP/1.1 200 OK"
2025-02-04 06:24:42,823 - httpx - INFO - HTTP Request: POST https://api.telegram.org/bot7719047607:AAE-tWMiqZLoPGLXy4mIWmgOtWeje9mrF9Y/getUpdates "HTTP/1.1 200 OK"
2025-02-04 06:25:07,983 - httpx - INFO - HTTP Request: POST https://api.telegram.org/bot7719047607:AAE-tWMiqZLoPGLXy4mIWmgOtWeje9mrF9Y/getUpdates "HTTP/1.1 200 OK"
2025-02-04 06:25:18,061 - httpx - INFO - HTTP Request: POST https://api.telegram.org/bot7719047607:AAE-tWMiqZLoPGLXy4mIWmgOtWeje9mrF9Y/getUpdates "HTTP/1.1 200 OK"
2025-02-04 06:25:28,095 - httpx - INFO - HTTP Request: POST https://api.telegram.org/bot7719047607:AAE-tWMiqZLoPGLXy4mIWmgOtWeje9mrF9Y/getUpdates "HTTP/1.1 200 OK"
2025-02-04 06:25:33,229 - httpx - INFO - HTTP Request: POST https://api.telegram.org/bot7719047607:AAE-tWMiqZLoPGLXy4mIWmgOtWeje9mrF9Y/getUpdates "HTTP/1.1 200 OK"
2025-02-04 06:25:43,275 - httpx - INFO - HTTP Request: POST https://api.telegram.org/bot7719047607:AAE-tWMiqZLoPGLXy4mIWmgOtWeje9mrF9Y/getUpdates "HTTP/1.1 200 OK"
2025-02-04 06:25:53,305 - httpx - INFO - HTTP Request: POST https://api.telegram.org/bot7719047607:AAE-tWMiqZLoPGLXy4mIWmgOtWeje9mrF9Y/getUpdates "HTTP/1.1 200 OK"
2025-02-04 06:26:03,329 - httpx - INFO - HTTP Request: POST https://api.telegram.org/bot7719047607:AAE-tWMiqZLoPGLXy4mIWmgOtWeje9mrF9Y/getUpdates "HTTP/1.1 200 OK"
2025-02-04 06:26:13,361 - httpx - INFO - HTTP Request: POST https://api.telegram.org/bot7719047607:AAE-tWMiqZLoPGLXy4mIWmgOtWeje9mrF9Y/getUpdates "HTTP/1.1 200 OK"
2025-02-04 06:26:23,388 - httpx - INFO - HTTP Request: POST https://api.telegram.org/bot7719047607:AAE-tWMiqZLoPGLXy4mIWmgOtWeje9mrF9Y/getUpdates "HTTP/1.1 200 OK"
2025-02-04 06:26:33,425 - httpx - INFO - HTTP Request: POST https://api.telegram.org/bot7719047607:AAE-tWMiqZLoPGLXy4mIWmgOtWeje9mrF9Y/getUpdates "HTTP/1.1 200 OK"
2025-02-04 06:26:43,453 - httpx - INFO - HTTP Request: POST https://api.telegram.org/bot7719047607:AAE-tWMiqZLoPGLXy4mIWmgOtWeje9mrF9Y/getUpdates "HTTP/1.1 200 OK"
2025-02-04 06:26:53,489 - httpx - INFO - HTTP Request: POST https://api.telegram.org/bot7719047607:AAE-tWMiqZLoPGLXy4mIWmgOtWeje9mrF9Y/getUpdates "HTTP/1.1 200 OK"
2025-02-04 06:27:03,513 - httpx - INFO - HTTP Request: POST https://api.telegram.org/bot7719047607:AAE-tWMiqZLoPGLXy4mIWmgOtWeje9mrF9Y/getUpdates "HTTP/1.1 200 OK"
2025-02-04 06:27:13,563 - httpx - INFO - HTTP Request: POST https://api.telegram.org/bot7719047607:AAE-tWMiqZLoPGLXy4mIWmgOtWeje9mrF9Y/getUpdates "HTTP/1.1 200 OK"
2025-02-04 06:27:23,588 - httpx - INFO - HTTP Request: POST https://api.telegram.org/bot7719047607:AAE-tWMiqZLoPGLXy4mIWmgOtWeje9mrF9Y/getUpdates "HTTP/1.1 200 OK"
2025-02-04 06:27:33,614 - httpx - INFO - HTTP Request: POST https://api.telegram.org/bot7719047607:AAE-tWMiqZLoPGLXy4mIWmgOtWeje9mrF9Y/getUpdates "HTTP/1.1 200 OK"
2025-02-04 06:27:43,646 - httpx - INFO - HTTP Request: POST https://api.telegram.org/bot7719047607:AAE-tWMiqZLoPGLXy4mIWmgOtWeje9mrF9Y/getUpdates "HTTP/1.1 200 OK"
2025-02-04 06:27:53,680 - httpx - INFO - HTTP Request: POST https://api.telegram.org/bot7719047607:AAE-tWMiqZLoPGLXy4mIWmgOtWeje9mrF9Y/getUpdates "HTTP/1.1 200 OK"
2025-02-04 06:28:03,726 - httpx - INFO - HTTP Request: POST https://api.telegram.org/bot7719047607:AAE-tWMiqZLoPGLXy4mIWmgOtWeje9mrF9Y/getUpdates "HTTP/1.1 200 OK"
2025-02-04 06:28:13,754 - httpx - INFO - HTTP Request: POST https://api.telegram.org/bot7719047607:AAE-tWMiqZLoPGLXy4mIWmgOtWeje9mrF9Y/getUpdates "HTTP/1.1 200 OK"
2025-02-04 06:28:23,783 - httpx - INFO - HTTP Request: POST https://api.telegram.org/bot7719047607:AAE-tWMiqZLoPGLXy4mIWmgOtWeje9mrF9Y/getUpdates "HTTP/1.1 200 OK"
2025-02-04 06:28:33,808 - httpx - INFO - HTTP Request: POST https://api.telegram.org/bot7719047607:AAE-tWMiqZLoPGLXy4mIWmgOtWeje9mrF9Y/getUpdates "HTTP/1.1 200 OK"
2025-02-04 06:28:43,835 - httpx - INFO - HTTP Request: POST https://api.telegram.org/bot7719047607:AAE-tWMiqZLoPGLXy4mIWmgOtWeje9mrF9Y/getUpdates "HTTP/1.1 200 OK"
2025-02-04 06:28:53,871 - httpx - INFO - HTTP Request: POST https://api.telegram.org/bot7719047607:AAE-tWMiqZLoPGLXy4mIWmgOtWeje9mrF9Y/getUpdates "HTTP/1.1 200 OK"
2025-02-04 06:29:03,899 - httpx - INFO - HTTP Request: POST https://api.telegram.org/bot7719047607:AAE-tWMiqZLoPGLXy4mIWmgOtWeje9mrF9Y/getUpdates "HTTP/1.1 200 OK"
2025-02-04 06:29:13,942 - httpx - INFO - HTTP Request: POST https://api.telegram.org/bot7719047607:AAE-tWMiqZLoPGLXy4mIWmgOtWeje9mrF9Y/getUpdates "HTTP/1.1 200 OK"
2025-02-04 06:29:23,970 - httpx - INFO - HTTP Request: POST https://api.telegram.org/bot7719047607:AAE-tWMiqZLoPGLXy4mIWmgOtWeje9mrF9Y/getUpdates "HTTP/1.1 200 OK"
2025-02-04 06:29:34,000 - httpx - INFO - HTTP Request: POST https://api.telegram.org/bot7719047607:AAE-tWMiqZLoPGLXy4mIWmgOtWeje9mrF9Y/getUpdates "HTTP/1.1 200 OK"
2025-02-04 06:29:44,029 - httpx - INFO - HTTP Request: POST https://api.telegram.org/bot7719047607:AAE-tWMiqZLoPGLXy4mIWmgOtWeje9mrF9Y/getUpdates "HTTP/1.1 200 OK"
2025-02-04 06:29:54,054 - httpx - INFO - HTTP Request: POST https://api.telegram.org/bot7719047607:AAE-tWMiqZLoPGLXy4mIWmgOtWeje9mrF9Y/getUpdates "HTTP/1.1 200 OK"
2025-02-04 06:30:04,096 - httpx - INFO - HTTP Request: POST https://api.telegram.org/bot7719047607:AAE-tWMiqZLoPGLXy4mIWmgOtWeje9mrF9Y/getUpdates "HTTP/1.1 200 OK"
2025-02-04 06:30:14,125 - httpx - INFO - HTTP Request: POST https://api.telegram.org/bot7719047607:AAE-tWMiqZLoPGLXy4mIWmgOtWeje9mrF9Y/getUpdates "HTTP/1.1 200 OK"
2025-02-04 06:30:24,163 - httpx - INFO - HTTP Request: POST https://api.telegram.org/bot7719047607:AAE-tWMiqZLoPGLXy4mIWmgOtWeje9mrF9Y/getUpdates "HTTP/1.1 200 OK"
2025-02-04 06:30:34,192 - httpx - INFO - HTTP Request: POST https://api.telegram.org/bot7719047607:AAE-tWMiqZLoPGLXy4mIWmgOtWeje9mrF9Y/getUpdates "HTTP/1.1 200 OK"
2025-02-04 06:30:44,222 - httpx - INFO - HTTP Request: POST https://api.telegram.org/bot7719047607:AAE-tWMiqZLoPGLXy4mIWmgOtWeje9mrF9Y/getUpdates "HTTP/1.1 200 OK"
2025-02-04 06:30:54,253 - httpx - INFO - HTTP Request: POST https://api.telegram.org/bot7719047607:AAE-tWMiqZLoPGLXy4mIWmgOtWeje9mrF9Y/getUpdates "HTTP/1.1 200 OK"
2025-02-04 06:31:04,282 - httpx - INFO - HTTP Request: POST https://api.telegram.org/bot7719047607:AAE-tWMiqZLoPGLXy4mIWmgOtWeje9mrF9Y/getUpdates "HTTP/1.1 200 OK"
2025-02-04 06:31:14,312 - httpx - INFO - HTTP Request: POST https://api.telegram.org/bot7719047607:AAE-tWMiqZLoPGLXy4mIWmgOtWeje9mrF9Y/getUpdates "HTTP/1.1 200 OK"
2025-02-04 06:31:24,364 - httpx - INFO - HTTP Request: POST https://api.telegram.org/bot7719047607:AAE-tWMiqZLoPGLXy4mIWmgOtWeje9mrF9Y/getUpdates "HTTP/1.1 200 OK"
2025-02-04 06:31:34,390 - httpx - INFO - HTTP Request: POST https://api.telegram.org/bot7719047607:AAE-tWMiqZLoPGLXy4mIWmgOtWeje9mrF9Y/getUpdates "HTTP/1.1 200 OK"
2025-02-04 06:31:44,424 - httpx - INFO - HTTP Request: POST https://api.telegram.org/bot7719047607:AAE-tWMiqZLoPGLXy4mIWmgOtWeje9mrF9Y/getUpdates "HTTP/1.1 200 OK"
2025-02-04 06:31:54,464 - httpx - INFO - HTTP Request: POST https://api.telegram.org/bot7719047607:AAE-tWMiqZLoPGLXy4mIWmgOtWeje9mrF9Y/getUpdates "HTTP/1.1 200 OK"
2025-02-04 06:32:04,506 - httpx - INFO - HTTP Request: POST https://api.telegram.org/bot7719047607:AAE-tWMiqZLoPGLXy4mIWmgOtWeje9mrF9Y/getUpdates "HTTP/1.1 200 OK"
2025-02-04 06:32:14,538 - httpx - INFO - HTTP Request: POST https://api.telegram.org/bot7719047607:AAE-tWMiqZLoPGLXy4mIWmgOtWeje9mrF9Y/getUpdates "HTTP/1.1 200 OK"
2025-02-04 06:32:24,565 - httpx - INFO - HTTP Request: POST https://api.telegram.org/bot7719047607:AAE-tWMiqZLoPGLXy4mIWmgOtWeje9mrF9Y/getUpdates "HTTP/1.1 200 OK"
2025-02-04 06:32:34,590 - httpx - INFO - HTTP Request: POST https://api.telegram.org/bot7719047607:AAE-tWMiqZLoPGLXy4mIWmgOtWeje9mrF9Y/getUpdates "HTTP/1.1 200 OK"
2025-02-04 06:32:44,614 - httpx - INFO - HTTP Request: POST https://api.telegram.org/bot7719047607:AAE-tWMiqZLoPGLXy4mIWmgOtWeje9mrF9Y/getUpdates "HTTP/1.1 200 OK"
2025-02-04 06:32:54,647 - httpx - INFO - HTTP Request: POST https://api.telegram.org/bot7719047607:AAE-tWMiqZLoPGLXy4mIWmgOtWeje9mrF9Y/getUpdates "HTTP/1.1 200 OK"
2025-02-04 06:33:04,672 - httpx - INFO - HTTP Request: POST https://api.telegram.org/bot7719047607:AAE-tWMiqZLoPGLXy4mIWmgOtWeje9mrF9Y/getUpdates "HTTP/1.1 200 OK"
2025-02-04 06:33:14,704 - httpx - INFO - HTTP Request: POST https://api.telegram.org/bot7719047607:AAE-tWMiqZLoPGLXy4mIWmgOtWeje9mrF9Y/getUpdates "HTTP/1.1 200 OK"
2025-02-04 06:33:24,741 - httpx - INFO - HTTP Request: POST https://api.telegram.org/bot7719047607:AAE-tWMiqZLoPGLXy4mIWmgOtWeje9mrF9Y/getUpdates "HTTP/1.1 200 OK"
2025-02-04 06:33:34,766 - httpx - INFO - HTTP Request: POST https://api.telegram.org/bot7719047607:AAE-tWMiqZLoPGLXy4mIWmgOtWeje9mrF9Y/getUpdates "HTTP/1.1 200 OK"
2025-02-04 06:33:44,795 - httpx - INFO - HTTP Request: POST https://api.telegram.org/bot7719047607:AAE-tWMiqZLoPGLXy4mIWmgOtWeje9mrF9Y/getUpdates "HTTP/1.1 200 OK"
2025-02-04 06:33:54,827 - httpx - INFO - HTTP Request: POST https://api.telegram.org/bot7719047607:AAE-tWMiqZLoPGLXy4mIWmgOtWeje9mrF9Y/getUpdates "HTTP/1.1 200 OK"
2025-02-04 06:34:04,853 - httpx - INFO - HTTP Request: POST https://api.telegram.org/bot7719047607:AAE-tWMiqZLoPGLXy4mIWmgOtWeje9mrF9Y/getUpdates "HTTP/1.1 200 OK"
2025-02-04 06:34:14,881 - httpx - INFO - HTTP Request: POST https://api.telegram.org/bot7719047607:AAE-tWMiqZLoPGLXy4mIWmgOtWeje9mrF9Y/getUpdates "HTTP/1.1 200 OK"
2025-02-04 06:34:24,911 - httpx - INFO - HTTP Request: POST https://api.telegram.org/bot7719047607:AAE-tWMiqZLoPGLXy4mIWmgOtWeje9mrF9Y/getUpdates "HTTP/1.1 200 OK"
2025-02-04 06:34:34,939 - httpx - INFO - HTTP Request: POST https://api.telegram.org/bot7719047607:AAE-tWMiqZLoPGLXy4mIWmgOtWeje9mrF9Y/getUpdates "HTTP/1.1 200 OK"
2025-02-04 06:34:44,967 - httpx - INFO - HTTP Request: POST https://api.telegram.org/bot7719047607:AAE-tWMiqZLoPGLXy4mIWmgOtWeje9mrF9Y/getUpdates "HTTP/1.1 200 OK"
2025-02-04 06:34:55,002 - httpx - INFO - HTTP Request: POST https://api.telegram.org/bot7719047607:AAE-tWMiqZLoPGLXy4mIWmgOtWeje9mrF9Y/getUpdates "HTTP/1.1 200 OK"
2025-02-04 06:35:05,027 - httpx - INFO - HTTP Request: POST https://api.telegram.org/bot7719047607:AAE-tWMiqZLoPGLXy4mIWmgOtWeje9mrF9Y/getUpdates "HTTP/1.1 200 OK"
2025-02-04 06:35:15,057 - httpx - INFO - HTTP Request: POST https://api.telegram.org/bot7719047607:AAE-tWMiqZLoPGLXy4mIWmgOtWeje9mrF9Y/getUpdates "HTTP/1.1 200 OK"
2025-02-04 06:35:25,083 - httpx - INFO - HTTP Request: POST https://api.telegram.org/bot7719047607:AAE-tWMiqZLoPGLXy4mIWmgOtWeje9mrF9Y/getUpdates "HTTP/1.1 200 OK"
2025-02-04 06:35:35,108 - httpx - INFO - HTTP Request: POST https://api.telegram.org/bot7719047607:AAE-tWMiqZLoPGLXy4mIWmgOtWeje9mrF9Y/getUpdates "HTTP/1.1 200 OK"
2025-02-04 06:35:45,135 - httpx - INFO - HTTP Request: POST https://api.telegram.org/bot7719047607:AAE-tWMiqZLoPGLXy4mIWmgOtWeje9mrF9Y/getUpdates "HTTP/1.1 200 OK"
2025-02-04 06:35:55,161 - httpx - INFO - HTTP Request: POST https://api.telegram.org/bot7719047607:AAE-tWMiqZLoPGLXy4mIWmgOtWeje9mrF9Y/getUpdates "HTTP/1.1 200 OK"
2025-02-04 06:36:05,191 - httpx - INFO - HTTP Request: POST https://api.telegram.org/bot7719047607:AAE-tWMiqZLoPGLXy4mIWmgOtWeje9mrF9Y/getUpdates "HTTP/1.1 200 OK"
2025-02-04 06:36:15,214 - httpx - INFO - HTTP Request: POST https://api.telegram.org/bot7719047607:AAE-tWMiqZLoPGLXy4mIWmgOtWeje9mrF9Y/getUpdates "HTTP/1.1 200 OK"
2025-02-04 06:36:25,242 - httpx - INFO - HTTP Request: POST https://api.telegram.org/bot7719047607:AAE-tWMiqZLoPGLXy4mIWmgOtWeje9mrF9Y/getUpdates "HTTP/1.1 200 OK"
2025-02-04 06:36:35,266 - httpx - INFO - HTTP Request: POST https://api.telegram.org/bot7719047607:AAE-tWMiqZLoPGLXy4mIWmgOtWeje9mrF9Y/getUpdates "HTTP/1.1 200 OK"
2025-02-04 06:36:45,291 - httpx - INFO - HTTP Request: POST https://api.telegram.org/bot7719047607:AAE-tWMiqZLoPGLXy4mIWmgOtWeje9mrF9Y/getUpdates "HTTP/1.1 200 OK"
2025-02-04 06:36:55,317 - httpx - INFO - HTTP Request: POST https://api.telegram.org/bot7719047607:AAE-tWMiqZLoPGLXy4mIWmgOtWeje9mrF9Y/getUpdates "HTTP/1.1 200 OK"
2025-02-04 06:37:05,347 - httpx - INFO - HTTP Request: POST https://api.telegram.org/bot7719047607:AAE-tWMiqZLoPGLXy4mIWmgOtWeje9mrF9Y/getUpdates "HTTP/1.1 200 OK"
2025-02-04 06:37:15,371 - httpx - INFO - HTTP Request: POST https://api.telegram.org/bot7719047607:AAE-tWMiqZLoPGLXy4mIWmgOtWeje9mrF9Y/getUpdates "HTTP/1.1 200 OK"
2025-02-04 06:37:25,406 - httpx - INFO - HTTP Request: POST https://api.telegram.org/bot7719047607:AAE-tWMiqZLoPGLXy4mIWmgOtWeje9mrF9Y/getUpdates "HTTP/1.1 200 OK"
2025-02-04 06:37:35,434 - httpx - INFO - HTTP Request: POST https://api.telegram.org/bot7719047607:AAE-tWMiqZLoPGLXy4mIWmgOtWeje9mrF9Y/getUpdates "HTTP/1.1 200 OK"
2025-02-04 06:37:45,465 - httpx - INFO - HTTP Request: POST https://api.telegram.org/bot7719047607:AAE-tWMiqZLoPGLXy4mIWmgOtWeje9mrF9Y/getUpdates "HTTP/1.1 200 OK"
2025-02-04 06:37:55,498 - httpx - INFO - HTTP Request: POST https://api.telegram.org/bot7719047607:AAE-tWMiqZLoPGLXy4mIWmgOtWeje9mrF9Y/getUpdates "HTTP/1.1 200 OK"
2025-02-04 06:38:05,525 - httpx - INFO - HTTP Request: POST https://api.telegram.org/bot7719047607:AAE-tWMiqZLoPGLXy4mIWmgOtWeje9mrF9Y/getUpdates "HTTP/1.1 200 OK"
2025-02-04 06:38:13,003 - apscheduler.scheduler - INFO - Adding job tentatively -- it will be properly scheduled when the scheduler starts
2025-02-04 06:38:13,139 - httpx - INFO - HTTP Request: POST https://api.telegram.org/bot7719047607:AAE-tWMiqZLoPGLXy4mIWmgOtWeje9mrF9Y/getMe "HTTP/1.1 200 OK"
2025-02-04 06:38:13,163 - httpx - INFO - HTTP Request: POST https://api.telegram.org/bot7719047607:AAE-tWMiqZLoPGLXy4mIWmgOtWeje9mrF9Y/deleteWebhook "HTTP/1.1 200 OK"
2025-02-04 06:38:13,164 - apscheduler.scheduler - INFO - Added job "daily_maintenance" to job store "default"
2025-02-04 06:38:13,165 - apscheduler.scheduler - INFO - Scheduler started
2025-02-04 06:38:13,165 - telegram.ext.Application - INFO - Application started
2025-02-04 06:38:23,235 - httpx - INFO - HTTP Request: POST https://api.telegram.org/bot7719047607:AAE-tWMiqZLoPGLXy4mIWmgOtWeje9mrF9Y/getUpdates "HTTP/1.1 200 OK"
2025-02-04 06:38:33,266 - httpx - INFO - HTTP Request: POST https://api.telegram.org/bot7719047607:AAE-tWMiqZLoPGLXy4mIWmgOtWeje9mrF9Y/getUpdates "HTTP/1.1 200 OK"
2025-02-04 06:38:34,477 - httpx - INFO - HTTP Request: POST https://api.telegram.org/bot7719047607:AAE-tWMiqZLoPGLXy4mIWmgOtWeje9mrF9Y/getUpdates "HTTP/1.1 200 OK"
2025-02-04 06:38:34,876 - httpx - INFO - HTTP Request: POST https://api.telegram.org/bot7719047607:AAE-tWMiqZLoPGLXy4mIWmgOtWeje9mrF9Y/sendMessage "HTTP/1.1 200 OK"
2025-02-04 06:38:39,018 - httpx - INFO - HTTP Request: POST https://api.telegram.org/bot7719047607:AAE-tWMiqZLoPGLXy4mIWmgOtWeje9mrF9Y/getUpdates "HTTP/1.1 200 OK"
2025-02-04 06:38:39,050 - httpx - INFO - HTTP Request: POST https://api.telegram.org/bot7719047607:AAE-tWMiqZLoPGLXy4mIWmgOtWeje9mrF9Y/answerCallbackQuery "HTTP/1.1 200 OK"
2025-02-04 06:38:39,090 - httpx - INFO - HTTP Request: POST https://api.telegram.org/bot7719047607:AAE-tWMiqZLoPGLXy4mIWmgOtWeje9mrF9Y/editMessageText "HTTP/1.1 200 OK"
2025-02-04 06:38:43,352 - httpx - INFO - HTTP Request: POST https://api.telegram.org/bot7719047607:AAE-tWMiqZLoPGLXy4mIWmgOtWeje9mrF9Y/getUpdates "HTTP/1.1 200 OK"
2025-02-04 06:38:43,531 - httpx - INFO - HTTP Request: POST https://api.telegram.org/bot7719047607:AAE-tWMiqZLoPGLXy4mIWmgOtWeje9mrF9Y/deleteMessage "HTTP/1.1 200 OK"
2025-02-04 06:38:43,567 - httpx - INFO - HTTP Request: POST https://api.telegram.org/bot7719047607:AAE-tWMiqZLoPGLXy4mIWmgOtWeje9mrF9Y/deleteMessage "HTTP/1.1 200 OK"
2025-02-04 06:38:43,618 - httpx - INFO - HTTP Request: POST https://api.telegram.org/bot7719047607:AAE-tWMiqZLoPGLXy4mIWmgOtWeje9mrF9Y/sendMessage "HTTP/1.1 200 OK"
2025-02-04 06:38:45,375 - httpx - INFO - HTTP Request: POST https://api.telegram.org/bot7719047607:AAE-tWMiqZLoPGLXy4mIWmgOtWeje9mrF9Y/getUpdates "HTTP/1.1 200 OK"
2025-02-04 06:38:45,447 - httpx - INFO - HTTP Request: POST https://api.telegram.org/bot7719047607:AAE-tWMiqZLoPGLXy4mIWmgOtWeje9mrF9Y/answerCallbackQuery "HTTP/1.1 200 OK"
2025-02-04 06:38:45,544 - httpx - INFO - HTTP Request: POST https://api.telegram.org/bot7719047607:AAE-tWMiqZLoPGLXy4mIWmgOtWeje9mrF9Y/editMessageText "HTTP/1.1 200 OK"
2025-02-04 06:38:46,773 - httpx - INFO - HTTP Request: POST https://api.telegram.org/bot7719047607:AAE-tWMiqZLoPGLXy4mIWmgOtWeje9mrF9Y/getUpdates "HTTP/1.1 200 OK"
2025-02-04 06:38:46,812 - httpx - INFO - HTTP Request: POST https://api.telegram.org/bot7719047607:AAE-tWMiqZLoPGLXy4mIWmgOtWeje9mrF9Y/answerCallbackQuery "HTTP/1.1 200 OK"
2025-02-04 06:38:46,860 - httpx - INFO - HTTP Request: POST https://api.telegram.org/bot7719047607:AAE-tWMiqZLoPGLXy4mIWmgOtWeje9mrF9Y/editMessageText "HTTP/1.1 200 OK"
2025-02-04 06:38:50,368 - httpx - INFO - HTTP Request: POST https://api.telegram.org/bot7719047607:AAE-tWMiqZLoPGLXy4mIWmgOtWeje9mrF9Y/getUpdates "HTTP/1.1 200 OK"
2025-02-04 06:38:50,404 - httpx - INFO - HTTP Request: POST https://api.telegram.org/bot7719047607:AAE-tWMiqZLoPGLXy4mIWmgOtWeje9mrF9Y/answerCallbackQuery "HTTP/1.1 200 OK"
2025-02-04 06:38:50,453 - httpx - INFO - HTTP Request: POST https://api.telegram.org/bot7719047607:AAE-tWMiqZLoPGLXy4mIWmgOtWeje9mrF9Y/editMessageText "HTTP/1.1 200 OK"
2025-02-04 06:38:52,209 - httpx - INFO - HTTP Request: POST https://api.telegram.org/bot7719047607:AAE-tWMiqZLoPGLXy4mIWmgOtWeje9mrF9Y/getUpdates "HTTP/1.1 200 OK"
2025-02-04 06:38:52,247 - httpx - INFO - HTTP Request: POST https://api.telegram.org/bot7719047607:AAE-tWMiqZLoPGLXy4mIWmgOtWeje9mrF9Y/answerCallbackQuery "HTTP/1.1 200 OK"
2025-02-04 06:38:52,328 - httpx - INFO - HTTP Request: POST https://api.telegram.org/bot7719047607:AAE-tWMiqZLoPGLXy4mIWmgOtWeje9mrF9Y/editMessageText "HTTP/1.1 200 OK"
2025-02-04 06:38:53,555 - httpx - INFO - HTTP Request: POST https://api.telegram.org/bot7719047607:AAE-tWMiqZLoPGLXy4mIWmgOtWeje9mrF9Y/getUpdates "HTTP/1.1 200 OK"
2025-02-04 06:38:53,589 - httpx - INFO - HTTP Request: POST https://api.telegram.org/bot7719047607:AAE-tWMiqZLoPGLXy4mIWmgOtWeje9mrF9Y/answerCallbackQuery "HTTP/1.1 200 OK"
2025-02-04 06:38:53,631 - httpx - INFO - HTTP Request: POST https://api.telegram.org/bot7719047607:AAE-tWMiqZLoPGLXy4mIWmgOtWeje9mrF9Y/editMessageText "HTTP/1.1 200 OK"
2025-02-04 06:39:03,585 - httpx - INFO - HTTP Request: POST https://api.telegram.org/bot7719047607:AAE-tWMiqZLoPGLXy4mIWmgOtWeje9mrF9Y/getUpdates "HTTP/1.1 200 OK"
2025-02-04 06:39:13,612 - httpx - INFO - HTTP Request: POST https://api.telegram.org/bot7719047607:AAE-tWMiqZLoPGLXy4mIWmgOtWeje9mrF9Y/getUpdates "HTTP/1.1 200 OK"
2025-02-04 06:39:23,644 - httpx - INFO - HTTP Request: POST https://api.telegram.org/bot7719047607:AAE-tWMiqZLoPGLXy4mIWmgOtWeje9mrF9Y/getUpdates "HTTP/1.1 200 OK"
2025-02-04 06:39:33,685 - httpx - INFO - HTTP Request: POST https://api.telegram.org/bot7719047607:AAE-tWMiqZLoPGLXy4mIWmgOtWeje9mrF9Y/getUpdates "HTTP/1.1 200 OK"
2025-02-04 06:39:43,712 - httpx - INFO - HTTP Request: POST https://api.telegram.org/bot7719047607:AAE-tWMiqZLoPGLXy4mIWmgOtWeje9mrF9Y/getUpdates "HTTP/1.1 200 OK"
2025-02-04 06:39:53,737 - httpx - INFO - HTTP Request: POST https://api.telegram.org/bot7719047607:AAE-tWMiqZLoPGLXy4mIWmgOtWeje9mrF9Y/getUpdates "HTTP/1.1 200 OK"
2025-02-04 06:40:03,768 - httpx - INFO - HTTP Request: POST https://api.telegram.org/bot7719047607:AAE-tWMiqZLoPGLXy4mIWmgOtWeje9mrF9Y/getUpdates "HTTP/1.1 200 OK"
2025-02-04 06:40:13,793 - httpx - INFO - HTTP Request: POST https://api.telegram.org/bot7719047607:AAE-tWMiqZLoPGLXy4mIWmgOtWeje9mrF9Y/getUpdates "HTTP/1.1 200 OK"
2025-02-04 06:40:23,816 - httpx - INFO - HTTP Request: POST https://api.telegram.org/bot7719047607:AAE-tWMiqZLoPGLXy4mIWmgOtWeje9mrF9Y/getUpdates "HTTP/1.1 200 OK"
2025-02-04 06:40:33,842 - httpx - INFO - HTTP Request: POST https://api.telegram.org/bot7719047607:AAE-tWMiqZLoPGLXy4mIWmgOtWeje9mrF9Y/getUpdates "HTTP/1.1 200 OK"
2025-02-04 06:40:43,865 - httpx - INFO - HTTP Request: POST https://api.telegram.org/bot7719047607:AAE-tWMiqZLoPGLXy4mIWmgOtWeje9mrF9Y/getUpdates "HTTP/1.1 200 OK"
2025-02-04 06:40:53,895 - httpx - INFO - HTTP Request: POST https://api.telegram.org/bot7719047607:AAE-tWMiqZLoPGLXy4mIWmgOtWeje9mrF9Y/getUpdates "HTTP/1.1 200 OK"
2025-02-04 06:41:03,922 - httpx - INFO - HTTP Request: POST https://api.telegram.org/bot7719047607:AAE-tWMiqZLoPGLXy4mIWmgOtWeje9mrF9Y/getUpdates "HTTP/1.1 200 OK"
2025-02-04 06:41:13,948 - httpx - INFO - HTTP Request: POST https://api.telegram.org/bot7719047607:AAE-tWMiqZLoPGLXy4mIWmgOtWeje9mrF9Y/getUpdates "HTTP/1.1 200 OK"
2025-02-04 06:41:23,984 - httpx - INFO - HTTP Request: POST https://api.telegram.org/bot7719047607:AAE-tWMiqZLoPGLXy4mIWmgOtWeje9mrF9Y/getUpdates "HTTP/1.1 200 OK"
2025-02-04 06:41:34,010 - httpx - INFO - HTTP Request: POST https://api.telegram.org/bot7719047607:AAE-tWMiqZLoPGLXy4mIWmgOtWeje9mrF9Y/getUpdates "HTTP/1.1 200 OK"
2025-02-04 06:41:44,038 - httpx - INFO - HTTP Request: POST https://api.telegram.org/bot7719047607:AAE-tWMiqZLoPGLXy4mIWmgOtWeje9mrF9Y/getUpdates "HTTP/1.1 200 OK"
2025-02-04 06:41:54,555 - apscheduler.scheduler - INFO - Adding job tentatively -- it will be properly scheduled when the scheduler starts
2025-02-04 06:41:54,966 - httpx - INFO - HTTP Request: POST https://api.telegram.org/bot7719047607:AAE-tWMiqZLoPGLXy4mIWmgOtWeje9mrF9Y/getMe "HTTP/1.1 200 OK"
2025-02-04 06:41:54,992 - httpx - INFO - HTTP Request: POST https://api.telegram.org/bot7719047607:AAE-tWMiqZLoPGLXy4mIWmgOtWeje9mrF9Y/deleteWebhook "HTTP/1.1 200 OK"
2025-02-04 06:41:54,993 - apscheduler.scheduler - INFO - Added job "daily_maintenance" to job store "default"
2025-02-04 06:41:54,994 - apscheduler.scheduler - INFO - Scheduler started
2025-02-04 06:41:54,994 - telegram.ext.Application - INFO - Application started
2025-02-04 06:42:05,065 - httpx - INFO - HTTP Request: POST https://api.telegram.org/bot7719047607:AAE-tWMiqZLoPGLXy4mIWmgOtWeje9mrF9Y/getUpdates "HTTP/1.1 200 OK"
2025-02-04 06:42:12,207 - httpx - INFO - HTTP Request: POST https://api.telegram.org/bot7719047607:AAE-tWMiqZLoPGLXy4mIWmgOtWeje9mrF9Y/getUpdates "HTTP/1.1 200 OK"
2025-02-04 06:42:12,310 - httpx - INFO - HTTP Request: POST https://api.telegram.org/bot7719047607:AAE-tWMiqZLoPGLXy4mIWmgOtWeje9mrF9Y/sendMessage "HTTP/1.1 200 OK"
2025-02-04 06:42:13,697 - httpx - INFO - HTTP Request: POST https://api.telegram.org/bot7719047607:AAE-tWMiqZLoPGLXy4mIWmgOtWeje9mrF9Y/getUpdates "HTTP/1.1 200 OK"
2025-02-04 06:42:13,734 - httpx - INFO - HTTP Request: POST https://api.telegram.org/bot7719047607:AAE-tWMiqZLoPGLXy4mIWmgOtWeje9mrF9Y/answerCallbackQuery "HTTP/1.1 200 OK"
2025-02-04 06:42:13,784 - httpx - INFO - HTTP Request: POST https://api.telegram.org/bot7719047607:AAE-tWMiqZLoPGLXy4mIWmgOtWeje9mrF9Y/editMessageText "HTTP/1.1 200 OK"
2025-02-04 06:42:17,245 - httpx - INFO - HTTP Request: POST https://api.telegram.org/bot7719047607:AAE-tWMiqZLoPGLXy4mIWmgOtWeje9mrF9Y/getUpdates "HTTP/1.1 200 OK"
2025-02-04 06:42:17,281 - httpx - INFO - HTTP Request: POST https://api.telegram.org/bot7719047607:AAE-tWMiqZLoPGLXy4mIWmgOtWeje9mrF9Y/deleteMessage "HTTP/1.1 200 OK"
2025-02-04 06:42:17,311 - httpx - INFO - HTTP Request: POST https://api.telegram.org/bot7719047607:AAE-tWMiqZLoPGLXy4mIWmgOtWeje9mrF9Y/deleteMessage "HTTP/1.1 200 OK"
2025-02-04 06:42:17,358 - httpx - INFO - HTTP Request: POST https://api.telegram.org/bot7719047607:AAE-tWMiqZLoPGLXy4mIWmgOtWeje9mrF9Y/sendMessage "HTTP/1.1 200 OK"
2025-02-04 06:42:18,823 - httpx - INFO - HTTP Request: POST https://api.telegram.org/bot7719047607:AAE-tWMiqZLoPGLXy4mIWmgOtWeje9mrF9Y/getUpdates "HTTP/1.1 200 OK"
2025-02-04 06:42:18,859 - httpx - INFO - HTTP Request: POST https://api.telegram.org/bot7719047607:AAE-tWMiqZLoPGLXy4mIWmgOtWeje9mrF9Y/answerCallbackQuery "HTTP/1.1 200 OK"
2025-02-04 06:42:18,903 - httpx - INFO - HTTP Request: POST https://api.telegram.org/bot7719047607:AAE-tWMiqZLoPGLXy4mIWmgOtWeje9mrF9Y/editMessageText "HTTP/1.1 200 OK"
2025-02-04 06:42:20,075 - httpx - INFO - HTTP Request: POST https://api.telegram.org/bot7719047607:AAE-tWMiqZLoPGLXy4mIWmgOtWeje9mrF9Y/getUpdates "HTTP/1.1 200 OK"
2025-02-04 06:42:20,122 - httpx - INFO - HTTP Request: POST https://api.telegram.org/bot7719047607:AAE-tWMiqZLoPGLXy4mIWmgOtWeje9mrF9Y/answerCallbackQuery "HTTP/1.1 200 OK"
2025-02-04 06:42:20,168 - httpx - INFO - HTTP Request: POST https://api.telegram.org/bot7719047607:AAE-tWMiqZLoPGLXy4mIWmgOtWeje9mrF9Y/editMessageText "HTTP/1.1 200 OK"
2025-02-04 06:42:22,067 - httpx - INFO - HTTP Request: POST https://api.telegram.org/bot7719047607:AAE-tWMiqZLoPGLXy4mIWmgOtWeje9mrF9Y/getUpdates "HTTP/1.1 200 OK"
2025-02-04 06:42:22,098 - httpx - INFO - HTTP Request: POST https://api.telegram.org/bot7719047607:AAE-tWMiqZLoPGLXy4mIWmgOtWeje9mrF9Y/answerCallbackQuery "HTTP/1.1 200 OK"
2025-02-04 06:42:22,135 - httpx - INFO - HTTP Request: POST https://api.telegram.org/bot7719047607:AAE-tWMiqZLoPGLXy4mIWmgOtWeje9mrF9Y/editMessageText "HTTP/1.1 200 OK"
2025-02-04 06:42:23,130 - httpx - INFO - HTTP Request: POST https://api.telegram.org/bot7719047607:AAE-tWMiqZLoPGLXy4mIWmgOtWeje9mrF9Y/getUpdates "HTTP/1.1 200 OK"
2025-02-04 06:42:23,163 - httpx - INFO - HTTP Request: POST https://api.telegram.org/bot7719047607:AAE-tWMiqZLoPGLXy4mIWmgOtWeje9mrF9Y/answerCallbackQuery "HTTP/1.1 200 OK"
2025-02-04 06:42:23,206 - httpx - INFO - HTTP Request: POST https://api.telegram.org/bot7719047607:AAE-tWMiqZLoPGLXy4mIWmgOtWeje9mrF9Y/editMessageText "HTTP/1.1 200 OK"
2025-02-04 06:42:23,796 - httpx - INFO - HTTP Request: POST https://api.telegram.org/bot7719047607:AAE-tWMiqZLoPGLXy4mIWmgOtWeje9mrF9Y/getUpdates "HTTP/1.1 200 OK"
2025-02-04 06:42:23,859 - httpx - INFO - HTTP Request: POST https://api.telegram.org/bot7719047607:AAE-tWMiqZLoPGLXy4mIWmgOtWeje9mrF9Y/answerCallbackQuery "HTTP/1.1 200 OK"
2025-02-04 06:42:23,900 - httpx - INFO - HTTP Request: POST https://api.telegram.org/bot7719047607:AAE-tWMiqZLoPGLXy4mIWmgOtWeje9mrF9Y/editMessageText "HTTP/1.1 200 OK"
2025-02-04 06:42:26,740 - httpx - INFO - HTTP Request: POST https://api.telegram.org/bot7719047607:AAE-tWMiqZLoPGLXy4mIWmgOtWeje9mrF9Y/getUpdates "HTTP/1.1 200 OK"
2025-02-04 06:42:26,776 - httpx - INFO - HTTP Request: POST https://api.telegram.org/bot7719047607:AAE-tWMiqZLoPGLXy4mIWmgOtWeje9mrF9Y/answerCallbackQuery "HTTP/1.1 200 OK"
2025-02-04 06:42:26,816 - httpx - INFO - HTTP Request: POST https://api.telegram.org/bot7719047607:AAE-tWMiqZLoPGLXy4mIWmgOtWeje9mrF9Y/editMessageText "HTTP/1.1 200 OK"
2025-02-04 06:42:27,921 - httpx - INFO - HTTP Request: POST https://api.telegram.org/bot7719047607:AAE-tWMiqZLoPGLXy4mIWmgOtWeje9mrF9Y/getUpdates "HTTP/1.1 200 OK"
2025-02-04 06:42:27,980 - httpx - INFO - HTTP Request: POST https://api.telegram.org/bot7719047607:AAE-tWMiqZLoPGLXy4mIWmgOtWeje9mrF9Y/answerCallbackQuery "HTTP/1.1 200 OK"
2025-02-04 06:42:28,061 - httpx - INFO - HTTP Request: POST https://api.telegram.org/bot7719047607:AAE-tWMiqZLoPGLXy4mIWmgOtWeje9mrF9Y/editMessageText "HTTP/1.1 200 OK"
2025-02-04 06:42:28,875 - httpx - INFO - HTTP Request: POST https://api.telegram.org/bot7719047607:AAE-tWMiqZLoPGLXy4mIWmgOtWeje9mrF9Y/getUpdates "HTTP/1.1 200 OK"
2025-02-04 06:42:28,944 - httpx - INFO - HTTP Request: POST https://api.telegram.org/bot7719047607:AAE-tWMiqZLoPGLXy4mIWmgOtWeje9mrF9Y/sendMessage "HTTP/1.1 200 OK"
2025-02-04 06:42:31,674 - httpx - INFO - HTTP Request: POST https://api.telegram.org/bot7719047607:AAE-tWMiqZLoPGLXy4mIWmgOtWeje9mrF9Y/getUpdates "HTTP/1.1 200 OK"
2025-02-04 06:42:31,711 - httpx - INFO - HTTP Request: POST https://api.telegram.org/bot7719047607:AAE-tWMiqZLoPGLXy4mIWmgOtWeje9mrF9Y/answerCallbackQuery "HTTP/1.1 200 OK"
2025-02-04 06:42:31,755 - httpx - INFO - HTTP Request: POST https://api.telegram.org/bot7719047607:AAE-tWMiqZLoPGLXy4mIWmgOtWeje9mrF9Y/editMessageText "HTTP/1.1 200 OK"
2025-02-04 06:42:32,965 - httpx - INFO - HTTP Request: POST https://api.telegram.org/bot7719047607:AAE-tWMiqZLoPGLXy4mIWmgOtWeje9mrF9Y/getUpdates "HTTP/1.1 200 OK"
2025-02-04 06:42:32,997 - httpx - INFO - HTTP Request: POST https://api.telegram.org/bot7719047607:AAE-tWMiqZLoPGLXy4mIWmgOtWeje9mrF9Y/answerCallbackQuery "HTTP/1.1 200 OK"
2025-02-04 06:42:33,044 - httpx - INFO - HTTP Request: POST https://api.telegram.org/bot7719047607:AAE-tWMiqZLoPGLXy4mIWmgOtWeje9mrF9Y/editMessageText "HTTP/1.1 200 OK"
2025-02-04 06:42:37,419 - httpx - INFO - HTTP Request: POST https://api.telegram.org/bot7719047607:AAE-tWMiqZLoPGLXy4mIWmgOtWeje9mrF9Y/getUpdates "HTTP/1.1 200 OK"
2025-02-04 06:42:37,455 - httpx - INFO - HTTP Request: POST https://api.telegram.org/bot7719047607:AAE-tWMiqZLoPGLXy4mIWmgOtWeje9mrF9Y/answerCallbackQuery "HTTP/1.1 200 OK"
2025-02-04 06:42:37,499 - httpx - INFO - HTTP Request: POST https://api.telegram.org/bot7719047607:AAE-tWMiqZLoPGLXy4mIWmgOtWeje9mrF9Y/editMessageText "HTTP/1.1 200 OK"
2025-02-04 06:42:38,908 - httpx - INFO - HTTP Request: POST https://api.telegram.org/bot7719047607:AAE-tWMiqZLoPGLXy4mIWmgOtWeje9mrF9Y/getUpdates "HTTP/1.1 200 OK"
2025-02-04 06:42:38,946 - httpx - INFO - HTTP Request: POST https://api.telegram.org/bot7719047607:AAE-tWMiqZLoPGLXy4mIWmgOtWeje9mrF9Y/answerCallbackQuery "HTTP/1.1 200 OK"
2025-02-04 06:42:38,988 - httpx - INFO - HTTP Request: POST https://api.telegram.org/bot7719047607:AAE-tWMiqZLoPGLXy4mIWmgOtWeje9mrF9Y/editMessageText "HTTP/1.1 200 OK"
2025-02-04 06:42:39,823 - httpx - INFO - HTTP Request: POST https://api.telegram.org/bot7719047607:AAE-tWMiqZLoPGLXy4mIWmgOtWeje9mrF9Y/getUpdates "HTTP/1.1 200 OK"
2025-02-04 06:42:39,856 - httpx - INFO - HTTP Request: POST https://api.telegram.org/bot7719047607:AAE-tWMiqZLoPGLXy4mIWmgOtWeje9mrF9Y/answerCallbackQuery "HTTP/1.1 200 OK"
2025-02-04 06:42:39,907 - httpx - INFO - HTTP Request: POST https://api.telegram.org/bot7719047607:AAE-tWMiqZLoPGLXy4mIWmgOtWeje9mrF9Y/editMessageText "HTTP/1.1 200 OK"
2025-02-04 06:42:40,576 - httpx - INFO - HTTP Request: POST https://api.telegram.org/bot7719047607:AAE-tWMiqZLoPGLXy4mIWmgOtWeje9mrF9Y/getUpdates "HTTP/1.1 200 OK"
2025-02-04 06:42:40,657 - httpx - INFO - HTTP Request: POST https://api.telegram.org/bot7719047607:AAE-tWMiqZLoPGLXy4mIWmgOtWeje9mrF9Y/answerCallbackQuery "HTTP/1.1 200 OK"
2025-02-04 06:42:40,704 - httpx - INFO - HTTP Request: POST https://api.telegram.org/bot7719047607:AAE-tWMiqZLoPGLXy4mIWmgOtWeje9mrF9Y/editMessageText "HTTP/1.1 200 OK"
2025-02-04 06:42:41,531 - httpx - INFO - HTTP Request: POST https://api.telegram.org/bot7719047607:AAE-tWMiqZLoPGLXy4mIWmgOtWeje9mrF9Y/getUpdates "HTTP/1.1 200 OK"
2025-02-04 06:42:41,567 - httpx - INFO - HTTP Request: POST https://api.telegram.org/bot7719047607:AAE-tWMiqZLoPGLXy4mIWmgOtWeje9mrF9Y/answerCallbackQuery "HTTP/1.1 200 OK"
2025-02-04 06:42:41,619 - httpx - INFO - HTTP Request: POST https://api.telegram.org/bot7719047607:AAE-tWMiqZLoPGLXy4mIWmgOtWeje9mrF9Y/editMessageText "HTTP/1.1 200 OK"
2025-02-04 06:42:45,541 - httpx - INFO - HTTP Request: POST https://api.telegram.org/bot7719047607:AAE-tWMiqZLoPGLXy4mIWmgOtWeje9mrF9Y/getUpdates "HTTP/1.1 200 OK"
2025-02-04 06:42:45,578 - httpx - INFO - HTTP Request: POST https://api.telegram.org/bot7719047607:AAE-tWMiqZLoPGLXy4mIWmgOtWeje9mrF9Y/deleteMessage "HTTP/1.1 200 OK"
2025-02-04 06:42:45,623 - httpx - INFO - HTTP Request: POST https://api.telegram.org/bot7719047607:AAE-tWMiqZLoPGLXy4mIWmgOtWeje9mrF9Y/sendMessage "HTTP/1.1 200 OK"
2025-02-04 06:42:45,687 - httpx - INFO - HTTP Request: POST https://api.telegram.org/bot7719047607:AAE-tWMiqZLoPGLXy4mIWmgOtWeje9mrF9Y/deleteMessage "HTTP/1.1 200 OK"
2025-02-04 06:42:53,507 - httpx - INFO - HTTP Request: POST https://api.telegram.org/bot7719047607:AAE-tWMiqZLoPGLXy4mIWmgOtWeje9mrF9Y/getUpdates "HTTP/1.1 200 OK"
2025-02-04 06:42:53,628 - httpx - INFO - HTTP Request: POST https://api.telegram.org/bot7719047607:AAE-tWMiqZLoPGLXy4mIWmgOtWeje9mrF9Y/deleteMessage "HTTP/1.1 200 OK"
2025-02-04 06:42:53,685 - httpx - INFO - HTTP Request: POST https://api.telegram.org/bot7719047607:AAE-tWMiqZLoPGLXy4mIWmgOtWeje9mrF9Y/sendMessage "HTTP/1.1 200 OK"
2025-02-04 06:42:53,720 - httpx - INFO - HTTP Request: POST https://api.telegram.org/bot7719047607:AAE-tWMiqZLoPGLXy4mIWmgOtWeje9mrF9Y/deleteMessage "HTTP/1.1 200 OK"
2025-02-04 06:43:03,535 - httpx - INFO - HTTP Request: POST https://api.telegram.org/bot7719047607:AAE-tWMiqZLoPGLXy4mIWmgOtWeje9mrF9Y/getUpdates "HTTP/1.1 200 OK"
2025-02-04 06:43:08,235 - httpx - INFO - HTTP Request: POST https://api.telegram.org/bot7719047607:AAE-tWMiqZLoPGLXy4mIWmgOtWeje9mrF9Y/getUpdates "HTTP/1.1 200 OK"
2025-02-04 06:43:08,350 - httpx - INFO - HTTP Request: POST https://api.telegram.org/bot7719047607:AAE-tWMiqZLoPGLXy4mIWmgOtWeje9mrF9Y/deleteMessage "HTTP/1.1 200 OK"
2025-02-04 06:43:08,399 - httpx - INFO - HTTP Request: POST https://api.telegram.org/bot7719047607:AAE-tWMiqZLoPGLXy4mIWmgOtWeje9mrF9Y/sendMessage "HTTP/1.1 200 OK"
2025-02-04 06:43:08,431 - httpx - INFO - HTTP Request: POST https://api.telegram.org/bot7719047607:AAE-tWMiqZLoPGLXy4mIWmgOtWeje9mrF9Y/deleteMessage "HTTP/1.1 200 OK"
2025-02-04 06:43:18,298 - httpx - INFO - HTTP Request: POST https://api.telegram.org/bot7719047607:AAE-tWMiqZLoPGLXy4mIWmgOtWeje9mrF9Y/getUpdates "HTTP/1.1 200 OK"
2025-02-04 06:43:28,328 - httpx - INFO - HTTP Request: POST https://api.telegram.org/bot7719047607:AAE-tWMiqZLoPGLXy4mIWmgOtWeje9mrF9Y/getUpdates "HTTP/1.1 200 OK"
2025-02-04 06:43:30,130 - httpx - INFO - HTTP Request: POST https://api.telegram.org/bot7719047607:AAE-tWMiqZLoPGLXy4mIWmgOtWeje9mrF9Y/getUpdates "HTTP/1.1 200 OK"
2025-02-04 06:43:30,247 - httpx - INFO - HTTP Request: POST https://api.telegram.org/bot7719047607:AAE-tWMiqZLoPGLXy4mIWmgOtWeje9mrF9Y/deleteMessage "HTTP/1.1 200 OK"
2025-02-04 06:43:30,368 - httpx - INFO - HTTP Request: POST https://api.telegram.org/bot7719047607:AAE-tWMiqZLoPGLXy4mIWmgOtWeje9mrF9Y/deleteMessage "HTTP/1.1 200 OK"
2025-02-04 06:43:30,489 - httpx - INFO - HTTP Request: POST https://api.telegram.org/bot7719047607:AAE-tWMiqZLoPGLXy4mIWmgOtWeje9mrF9Y/sendMessage "HTTP/1.1 200 OK"
2025-02-04 06:43:36,658 - httpx - INFO - HTTP Request: POST https://api.telegram.org/bot7719047607:AAE-tWMiqZLoPGLXy4mIWmgOtWeje9mrF9Y/getUpdates "HTTP/1.1 200 OK"
2025-02-04 06:43:36,756 - httpx - INFO - HTTP Request: POST https://api.telegram.org/bot7719047607:AAE-tWMiqZLoPGLXy4mIWmgOtWeje9mrF9Y/answerCallbackQuery "HTTP/1.1 200 OK"
2025-02-04 06:43:36,802 - httpx - INFO - HTTP Request: POST https://api.telegram.org/bot7719047607:AAE-tWMiqZLoPGLXy4mIWmgOtWeje9mrF9Y/editMessageText "HTTP/1.1 200 OK"
2025-02-04 06:43:39,504 - httpx - INFO - HTTP Request: POST https://api.telegram.org/bot7719047607:AAE-tWMiqZLoPGLXy4mIWmgOtWeje9mrF9Y/getUpdates "HTTP/1.1 200 OK"
2025-02-04 06:43:39,597 - httpx - INFO - HTTP Request: POST https://api.telegram.org/bot7719047607:AAE-tWMiqZLoPGLXy4mIWmgOtWeje9mrF9Y/answerCallbackQuery "HTTP/1.1 200 OK"
2025-02-04 06:43:39,711 - httpx - INFO - HTTP Request: POST https://api.telegram.org/bot7719047607:AAE-tWMiqZLoPGLXy4mIWmgOtWeje9mrF9Y/editMessageText "HTTP/1.1 200 OK"
2025-02-04 06:43:42,340 - httpx - INFO - HTTP Request: POST https://api.telegram.org/bot7719047607:AAE-tWMiqZLoPGLXy4mIWmgOtWeje9mrF9Y/getUpdates "HTTP/1.1 200 OK"
2025-02-04 06:43:42,406 - httpx - INFO - HTTP Request: POST https://api.telegram.org/bot7719047607:AAE-tWMiqZLoPGLXy4mIWmgOtWeje9mrF9Y/answerCallbackQuery "HTTP/1.1 200 OK"
2025-02-04 06:43:42,485 - httpx - INFO - HTTP Request: POST https://api.telegram.org/bot7719047607:AAE-tWMiqZLoPGLXy4mIWmgOtWeje9mrF9Y/editMessageText "HTTP/1.1 200 OK"
2025-02-04 06:43:43,576 - httpx - INFO - HTTP Request: POST https://api.telegram.org/bot7719047607:AAE-tWMiqZLoPGLXy4mIWmgOtWeje9mrF9Y/getUpdates "HTTP/1.1 200 OK"
2025-02-04 06:43:43,626 - httpx - INFO - HTTP Request: POST https://api.telegram.org/bot7719047607:AAE-tWMiqZLoPGLXy4mIWmgOtWeje9mrF9Y/answerCallbackQuery "HTTP/1.1 200 OK"
2025-02-04 06:43:43,662 - httpx - INFO - HTTP Request: POST https://api.telegram.org/bot7719047607:AAE-tWMiqZLoPGLXy4mIWmgOtWeje9mrF9Y/deleteMessage "HTTP/1.1 200 OK"
2025-02-04 06:43:43,785 - httpx - INFO - HTTP Request: POST https://api.telegram.org/bot7719047607:AAE-tWMiqZLoPGLXy4mIWmgOtWeje9mrF9Y/sendPhoto "HTTP/1.1 200 OK"
2025-02-04 06:43:51,510 - httpx - INFO - HTTP Request: POST https://api.telegram.org/bot7719047607:AAE-tWMiqZLoPGLXy4mIWmgOtWeje9mrF9Y/getUpdates "HTTP/1.1 200 OK"
2025-02-04 06:43:51,593 - httpx - INFO - HTTP Request: POST https://api.telegram.org/bot7719047607:AAE-tWMiqZLoPGLXy4mIWmgOtWeje9mrF9Y/answerCallbackQuery "HTTP/1.1 200 OK"
2025-02-04 06:43:51,626 - httpx - INFO - HTTP Request: POST https://api.telegram.org/bot7719047607:AAE-tWMiqZLoPGLXy4mIWmgOtWeje9mrF9Y/deleteMessage "HTTP/1.1 200 OK"
2025-02-04 06:43:51,647 - httpx - INFO - HTTP Request: POST https://api.telegram.org/bot7719047607:AAE-tWMiqZLoPGLXy4mIWmgOtWeje9mrF9Y/editMessageText "HTTP/1.1 400 Bad Request"
2025-02-04 06:43:51,694 - httpx - INFO - HTTP Request: POST https://api.telegram.org/bot7719047607:AAE-tWMiqZLoPGLXy4mIWmgOtWeje9mrF9Y/sendMessage "HTTP/1.1 200 OK"
2025-02-04 06:43:54,860 - httpx - INFO - HTTP Request: POST https://api.telegram.org/bot7719047607:AAE-tWMiqZLoPGLXy4mIWmgOtWeje9mrF9Y/getUpdates "HTTP/1.1 200 OK"
2025-02-04 06:43:54,908 - httpx - INFO - HTTP Request: POST https://api.telegram.org/bot7719047607:AAE-tWMiqZLoPGLXy4mIWmgOtWeje9mrF9Y/answerCallbackQuery "HTTP/1.1 200 OK"
2025-02-04 06:43:54,956 - httpx - INFO - HTTP Request: POST https://api.telegram.org/bot7719047607:AAE-tWMiqZLoPGLXy4mIWmgOtWeje9mrF9Y/editMessageText "HTTP/1.1 200 OK"
2025-02-04 06:44:04,897 - httpx - INFO - HTTP Request: POST https://api.telegram.org/bot7719047607:AAE-tWMiqZLoPGLXy4mIWmgOtWeje9mrF9Y/getUpdates "HTTP/1.1 200 OK"
2025-02-04 06:44:14,931 - httpx - INFO - HTTP Request: POST https://api.telegram.org/bot7719047607:AAE-tWMiqZLoPGLXy4mIWmgOtWeje9mrF9Y/getUpdates "HTTP/1.1 200 OK"
2025-02-04 06:44:24,959 - httpx - INFO - HTTP Request: POST https://api.telegram.org/bot7719047607:AAE-tWMiqZLoPGLXy4mIWmgOtWeje9mrF9Y/getUpdates "HTTP/1.1 200 OK"
2025-02-04 06:44:36,861 - httpx - INFO - HTTP Request: POST https://api.telegram.org/bot7719047607:AAE-tWMiqZLoPGLXy4mIWmgOtWeje9mrF9Y/getUpdates "HTTP/1.1 200 OK"
2025-02-04 06:44:40,133 - httpx - INFO - HTTP Request: POST https://api.telegram.org/bot7719047607:AAE-tWMiqZLoPGLXy4mIWmgOtWeje9mrF9Y/getUpdates "HTTP/1.1 200 OK"
2025-02-04 06:44:40,512 - httpx - INFO - HTTP Request: POST https://api.telegram.org/bot7719047607:AAE-tWMiqZLoPGLXy4mIWmgOtWeje9mrF9Y/answerCallbackQuery "HTTP/1.1 200 OK"
2025-02-04 06:44:40,559 - httpx - INFO - HTTP Request: POST https://api.telegram.org/bot7719047607:AAE-tWMiqZLoPGLXy4mIWmgOtWeje9mrF9Y/editMessageText "HTTP/1.1 200 OK"
2025-02-04 06:44:42,047 - httpx - INFO - HTTP Request: POST https://api.telegram.org/bot7719047607:AAE-tWMiqZLoPGLXy4mIWmgOtWeje9mrF9Y/getUpdates "HTTP/1.1 200 OK"
2025-02-04 06:44:42,107 - httpx - INFO - HTTP Request: POST https://api.telegram.org/bot7719047607:AAE-tWMiqZLoPGLXy4mIWmgOtWeje9mrF9Y/sendMessage "HTTP/1.1 200 OK"
2025-02-04 06:44:44,720 - httpx - INFO - HTTP Request: POST https://api.telegram.org/bot7719047607:AAE-tWMiqZLoPGLXy4mIWmgOtWeje9mrF9Y/getUpdates "HTTP/1.1 200 OK"
2025-02-04 06:44:44,751 - httpx - INFO - HTTP Request: POST https://api.telegram.org/bot7719047607:AAE-tWMiqZLoPGLXy4mIWmgOtWeje9mrF9Y/answerCallbackQuery "HTTP/1.1 200 OK"
2025-02-04 06:44:44,794 - httpx - INFO - HTTP Request: POST https://api.telegram.org/bot7719047607:AAE-tWMiqZLoPGLXy4mIWmgOtWeje9mrF9Y/editMessageText "HTTP/1.1 200 OK"
2025-02-04 06:44:46,002 - httpx - INFO - HTTP Request: POST https://api.telegram.org/bot7719047607:AAE-tWMiqZLoPGLXy4mIWmgOtWeje9mrF9Y/getUpdates "HTTP/1.1 200 OK"
2025-02-04 06:44:46,040 - httpx - INFO - HTTP Request: POST https://api.telegram.org/bot7719047607:AAE-tWMiqZLoPGLXy4mIWmgOtWeje9mrF9Y/answerCallbackQuery "HTTP/1.1 200 OK"
2025-02-04 06:44:46,086 - httpx - INFO - HTTP Request: POST https://api.telegram.org/bot7719047607:AAE-tWMiqZLoPGLXy4mIWmgOtWeje9mrF9Y/editMessageText "HTTP/1.1 200 OK"
2025-02-04 06:44:46,814 - httpx - INFO - HTTP Request: POST https://api.telegram.org/bot7719047607:AAE-tWMiqZLoPGLXy4mIWmgOtWeje9mrF9Y/getUpdates "HTTP/1.1 200 OK"
2025-02-04 06:44:46,850 - httpx - INFO - HTTP Request: POST https://api.telegram.org/bot7719047607:AAE-tWMiqZLoPGLXy4mIWmgOtWeje9mrF9Y/answerCallbackQuery "HTTP/1.1 200 OK"
2025-02-04 06:44:46,906 - httpx - INFO - HTTP Request: POST https://api.telegram.org/bot7719047607:AAE-tWMiqZLoPGLXy4mIWmgOtWeje9mrF9Y/editMessageText "HTTP/1.1 200 OK"
2025-02-04 06:44:48,110 - httpx - INFO - HTTP Request: POST https://api.telegram.org/bot7719047607:AAE-tWMiqZLoPGLXy4mIWmgOtWeje9mrF9Y/getUpdates "HTTP/1.1 200 OK"
2025-02-04 06:44:48,146 - httpx - INFO - HTTP Request: POST https://api.telegram.org/bot7719047607:AAE-tWMiqZLoPGLXy4mIWmgOtWeje9mrF9Y/answerCallbackQuery "HTTP/1.1 200 OK"
2025-02-04 06:44:48,183 - httpx - INFO - HTTP Request: POST https://api.telegram.org/bot7719047607:AAE-tWMiqZLoPGLXy4mIWmgOtWeje9mrF9Y/editMessageText "HTTP/1.1 200 OK"
2025-02-04 06:44:49,623 - httpx - INFO - HTTP Request: POST https://api.telegram.org/bot7719047607:AAE-tWMiqZLoPGLXy4mIWmgOtWeje9mrF9Y/getUpdates "HTTP/1.1 200 OK"
2025-02-04 06:44:49,666 - httpx - INFO - HTTP Request: POST https://api.telegram.org/bot7719047607:AAE-tWMiqZLoPGLXy4mIWmgOtWeje9mrF9Y/answerCallbackQuery "HTTP/1.1 200 OK"
2025-02-04 06:44:49,747 - httpx - INFO - HTTP Request: POST https://api.telegram.org/bot7719047607:AAE-tWMiqZLoPGLXy4mIWmgOtWeje9mrF9Y/editMessageText "HTTP/1.1 200 OK"
2025-02-04 06:44:52,531 - httpx - INFO - HTTP Request: POST https://api.telegram.org/bot7719047607:AAE-tWMiqZLoPGLXy4mIWmgOtWeje9mrF9Y/getUpdates "HTTP/1.1 200 OK"
2025-02-04 06:44:52,568 - httpx - INFO - HTTP Request: POST https://api.telegram.org/bot7719047607:AAE-tWMiqZLoPGLXy4mIWmgOtWeje9mrF9Y/answerCallbackQuery "HTTP/1.1 200 OK"
2025-02-04 06:44:52,611 - httpx - INFO - HTTP Request: POST https://api.telegram.org/bot7719047607:AAE-tWMiqZLoPGLXy4mIWmgOtWeje9mrF9Y/editMessageText "HTTP/1.1 200 OK"
2025-02-04 06:44:53,661 - httpx - INFO - HTTP Request: POST https://api.telegram.org/bot7719047607:AAE-tWMiqZLoPGLXy4mIWmgOtWeje9mrF9Y/getUpdates "HTTP/1.1 200 OK"
2025-02-04 06:44:53,722 - httpx - INFO - HTTP Request: POST https://api.telegram.org/bot7719047607:AAE-tWMiqZLoPGLXy4mIWmgOtWeje9mrF9Y/answerCallbackQuery "HTTP/1.1 200 OK"
2025-02-04 06:44:53,774 - httpx - INFO - HTTP Request: POST https://api.telegram.org/bot7719047607:AAE-tWMiqZLoPGLXy4mIWmgOtWeje9mrF9Y/editMessageText "HTTP/1.1 400 Bad Request"
2025-02-04 06:44:53,775 - telegram.ext.Application - ERROR - No error handlers are registered, logging exception.
Traceback (most recent call last):
  File "C:\Python310\lib\site-packages\telegram\ext\_application.py", line 1234, in process_update
    await coroutine
  File "C:\Python310\lib\site-packages\telegram\ext\_conversationhandler.py", line 857, in handle_update
    new_state: object = await handler.handle_update(
  File "C:\Python310\lib\site-packages\telegram\ext\_basehandler.py", line 157, in handle_update
    return await self.callback(update, context)
  File "G:\bot_test\main.py", line 573, in handle_normal_buttons
    await query.message.edit_text(
  File "C:\Python310\lib\site-packages\telegram\_message.py", line 2536, in edit_text
    return await self.get_bot().edit_message_text(
  File "C:\Python310\lib\site-packages\telegram\ext\_extbot.py", line 1473, in edit_message_text
    return await super().edit_message_text(
  File "C:\Python310\lib\site-packages\telegram\_bot.py", line 525, in decorator
    result = await func(self, *args, **kwargs)  # skipcq: PYL-E1102
  File "C:\Python310\lib\site-packages\telegram\_bot.py", line 3288, in edit_message_text
    return await self._send_message(
  File "C:\Python310\lib\site-packages\telegram\ext\_extbot.py", line 522, in _send_message
    result = await super()._send_message(
  File "C:\Python310\lib\site-packages\telegram\_bot.py", line 703, in _send_message
    result = await self._post(
  File "C:\Python310\lib\site-packages\telegram\_bot.py", line 613, in _post
    return await self._do_post(
  File "C:\Python310\lib\site-packages\telegram\ext\_extbot.py", line 340, in _do_post
    return await super()._do_post(
  File "C:\Python310\lib\site-packages\telegram\_bot.py", line 641, in _do_post
    return await request.post(
  File "C:\Python310\lib\site-packages\telegram\request\_baserequest.py", line 200, in post
    result = await self._request_wrapper(
  File "C:\Python310\lib\site-packages\telegram\request\_baserequest.py", line 379, in _request_wrapper
    raise BadRequest(message)
telegram.error.BadRequest: Button_data_invalid
2025-02-04 06:45:03,734 - httpx - INFO - HTTP Request: POST https://api.telegram.org/bot7719047607:AAE-tWMiqZLoPGLXy4mIWmgOtWeje9mrF9Y/getUpdates "HTTP/1.1 200 OK"
2025-02-04 06:45:05,194 - httpx - INFO - HTTP Request: POST https://api.telegram.org/bot7719047607:AAE-tWMiqZLoPGLXy4mIWmgOtWeje9mrF9Y/getUpdates "HTTP/1.1 200 OK"
2025-02-04 06:45:05,293 - httpx - INFO - HTTP Request: POST https://api.telegram.org/bot7719047607:AAE-tWMiqZLoPGLXy4mIWmgOtWeje9mrF9Y/answerCallbackQuery "HTTP/1.1 200 OK"
2025-02-04 06:45:05,337 - httpx - INFO - HTTP Request: POST https://api.telegram.org/bot7719047607:AAE-tWMiqZLoPGLXy4mIWmgOtWeje9mrF9Y/editMessageText "HTTP/1.1 400 Bad Request"
2025-02-04 06:45:05,339 - telegram.ext.Application - ERROR - No error handlers are registered, logging exception.
Traceback (most recent call last):
  File "C:\Python310\lib\site-packages\telegram\ext\_application.py", line 1234, in process_update
    await coroutine
  File "C:\Python310\lib\site-packages\telegram\ext\_conversationhandler.py", line 857, in handle_update
    new_state: object = await handler.handle_update(
  File "C:\Python310\lib\site-packages\telegram\ext\_basehandler.py", line 157, in handle_update
    return await self.callback(update, context)
  File "G:\bot_test\main.py", line 573, in handle_normal_buttons
    await query.message.edit_text(
  File "C:\Python310\lib\site-packages\telegram\_message.py", line 2536, in edit_text
    return await self.get_bot().edit_message_text(
  File "C:\Python310\lib\site-packages\telegram\ext\_extbot.py", line 1473, in edit_message_text
    return await super().edit_message_text(
  File "C:\Python310\lib\site-packages\telegram\_bot.py", line 525, in decorator
    result = await func(self, *args, **kwargs)  # skipcq: PYL-E1102
  File "C:\Python310\lib\site-packages\telegram\_bot.py", line 3288, in edit_message_text
    return await self._send_message(
  File "C:\Python310\lib\site-packages\telegram\ext\_extbot.py", line 522, in _send_message
    result = await super()._send_message(
  File "C:\Python310\lib\site-packages\telegram\_bot.py", line 703, in _send_message
    result = await self._post(
  File "C:\Python310\lib\site-packages\telegram\_bot.py", line 613, in _post
    return await self._do_post(
  File "C:\Python310\lib\site-packages\telegram\ext\_extbot.py", line 340, in _do_post
    return await super()._do_post(
  File "C:\Python310\lib\site-packages\telegram\_bot.py", line 641, in _do_post
    return await request.post(
  File "C:\Python310\lib\site-packages\telegram\request\_baserequest.py", line 200, in post
    result = await self._request_wrapper(
  File "C:\Python310\lib\site-packages\telegram\request\_baserequest.py", line 379, in _request_wrapper
    raise BadRequest(message)
telegram.error.BadRequest: Button_data_invalid
2025-02-04 06:45:05,887 - httpx - INFO - HTTP Request: POST https://api.telegram.org/bot7719047607:AAE-tWMiqZLoPGLXy4mIWmgOtWeje9mrF9Y/getUpdates "HTTP/1.1 200 OK"
2025-02-04 06:45:05,953 - httpx - INFO - HTTP Request: POST https://api.telegram.org/bot7719047607:AAE-tWMiqZLoPGLXy4mIWmgOtWeje9mrF9Y/answerCallbackQuery "HTTP/1.1 200 OK"
2025-02-04 06:45:06,001 - httpx - INFO - HTTP Request: POST https://api.telegram.org/bot7719047607:AAE-tWMiqZLoPGLXy4mIWmgOtWeje9mrF9Y/editMessageText "HTTP/1.1 200 OK"
2025-02-04 06:45:07,361 - httpx - INFO - HTTP Request: POST https://api.telegram.org/bot7719047607:AAE-tWMiqZLoPGLXy4mIWmgOtWeje9mrF9Y/getUpdates "HTTP/1.1 200 OK"
2025-02-04 06:45:07,461 - httpx - INFO - HTTP Request: POST https://api.telegram.org/bot7719047607:AAE-tWMiqZLoPGLXy4mIWmgOtWeje9mrF9Y/answerCallbackQuery "HTTP/1.1 200 OK"
2025-02-04 06:45:07,577 - httpx - INFO - HTTP Request: POST https://api.telegram.org/bot7719047607:AAE-tWMiqZLoPGLXy4mIWmgOtWeje9mrF9Y/editMessageText "HTTP/1.1 200 OK"
2025-02-04 06:45:10,474 - httpx - INFO - HTTP Request: POST https://api.telegram.org/bot7719047607:AAE-tWMiqZLoPGLXy4mIWmgOtWeje9mrF9Y/getUpdates "HTTP/1.1 200 OK"
2025-02-04 06:45:10,526 - httpx - INFO - HTTP Request: POST https://api.telegram.org/bot7719047607:AAE-tWMiqZLoPGLXy4mIWmgOtWeje9mrF9Y/answerCallbackQuery "HTTP/1.1 200 OK"
2025-02-04 06:45:10,606 - httpx - INFO - HTTP Request: POST https://api.telegram.org/bot7719047607:AAE-tWMiqZLoPGLXy4mIWmgOtWeje9mrF9Y/editMessageText "HTTP/1.1 200 OK"
2025-02-04 06:45:12,044 - httpx - INFO - HTTP Request: POST https://api.telegram.org/bot7719047607:AAE-tWMiqZLoPGLXy4mIWmgOtWeje9mrF9Y/getUpdates "HTTP/1.1 200 OK"
2025-02-04 06:45:12,126 - httpx - INFO - HTTP Request: POST https://api.telegram.org/bot7719047607:AAE-tWMiqZLoPGLXy4mIWmgOtWeje9mrF9Y/answerCallbackQuery "HTTP/1.1 200 OK"
2025-02-04 06:45:12,202 - httpx - INFO - HTTP Request: POST https://api.telegram.org/bot7719047607:AAE-tWMiqZLoPGLXy4mIWmgOtWeje9mrF9Y/editMessageText "HTTP/1.1 200 OK"
2025-02-04 06:45:13,660 - httpx - INFO - HTTP Request: POST https://api.telegram.org/bot7719047607:AAE-tWMiqZLoPGLXy4mIWmgOtWeje9mrF9Y/getUpdates "HTTP/1.1 200 OK"
2025-02-04 06:45:13,791 - httpx - INFO - HTTP Request: POST https://api.telegram.org/bot7719047607:AAE-tWMiqZLoPGLXy4mIWmgOtWeje9mrF9Y/answerCallbackQuery "HTTP/1.1 200 OK"
2025-02-04 06:45:13,924 - httpx - INFO - HTTP Request: POST https://api.telegram.org/bot7719047607:AAE-tWMiqZLoPGLXy4mIWmgOtWeje9mrF9Y/editMessageText "HTTP/1.1 200 OK"
2025-02-04 06:45:16,163 - httpx - INFO - HTTP Request: POST https://api.telegram.org/bot7719047607:AAE-tWMiqZLoPGLXy4mIWmgOtWeje9mrF9Y/getUpdates "HTTP/1.1 200 OK"
2025-02-04 06:45:16,196 - httpx - INFO - HTTP Request: POST https://api.telegram.org/bot7719047607:AAE-tWMiqZLoPGLXy4mIWmgOtWeje9mrF9Y/answerCallbackQuery "HTTP/1.1 200 OK"
2025-02-04 06:45:16,238 - httpx - INFO - HTTP Request: POST https://api.telegram.org/bot7719047607:AAE-tWMiqZLoPGLXy4mIWmgOtWeje9mrF9Y/editMessageText "HTTP/1.1 200 OK"
2025-02-04 06:45:17,027 - httpx - INFO - HTTP Request: POST https://api.telegram.org/bot7719047607:AAE-tWMiqZLoPGLXy4mIWmgOtWeje9mrF9Y/getUpdates "HTTP/1.1 200 OK"
2025-02-04 06:45:17,061 - httpx - INFO - HTTP Request: POST https://api.telegram.org/bot7719047607:AAE-tWMiqZLoPGLXy4mIWmgOtWeje9mrF9Y/answerCallbackQuery "HTTP/1.1 200 OK"
2025-02-04 06:45:17,113 - httpx - INFO - HTTP Request: POST https://api.telegram.org/bot7719047607:AAE-tWMiqZLoPGLXy4mIWmgOtWeje9mrF9Y/editMessageText "HTTP/1.1 400 Bad Request"
2025-02-04 06:45:17,114 - telegram.ext.Application - ERROR - No error handlers are registered, logging exception.
Traceback (most recent call last):
  File "C:\Python310\lib\site-packages\telegram\ext\_application.py", line 1234, in process_update
    await coroutine
  File "C:\Python310\lib\site-packages\telegram\ext\_conversationhandler.py", line 857, in handle_update
    new_state: object = await handler.handle_update(
  File "C:\Python310\lib\site-packages\telegram\ext\_basehandler.py", line 157, in handle_update
    return await self.callback(update, context)
  File "G:\bot_test\main.py", line 573, in handle_normal_buttons
    await query.message.edit_text(
  File "C:\Python310\lib\site-packages\telegram\_message.py", line 2536, in edit_text
    return await self.get_bot().edit_message_text(
  File "C:\Python310\lib\site-packages\telegram\ext\_extbot.py", line 1473, in edit_message_text
    return await super().edit_message_text(
  File "C:\Python310\lib\site-packages\telegram\_bot.py", line 525, in decorator
    result = await func(self, *args, **kwargs)  # skipcq: PYL-E1102
  File "C:\Python310\lib\site-packages\telegram\_bot.py", line 3288, in edit_message_text
    return await self._send_message(
  File "C:\Python310\lib\site-packages\telegram\ext\_extbot.py", line 522, in _send_message
    result = await super()._send_message(
  File "C:\Python310\lib\site-packages\telegram\_bot.py", line 703, in _send_message
    result = await self._post(
  File "C:\Python310\lib\site-packages\telegram\_bot.py", line 613, in _post
    return await self._do_post(
  File "C:\Python310\lib\site-packages\telegram\ext\_extbot.py", line 340, in _do_post
    return await super()._do_post(
  File "C:\Python310\lib\site-packages\telegram\_bot.py", line 641, in _do_post
    return await request.post(
  File "C:\Python310\lib\site-packages\telegram\request\_baserequest.py", line 200, in post
    result = await self._request_wrapper(
  File "C:\Python310\lib\site-packages\telegram\request\_baserequest.py", line 379, in _request_wrapper
    raise BadRequest(message)
telegram.error.BadRequest: Button_data_invalid
2025-02-04 06:45:21,550 - httpx - INFO - HTTP Request: POST https://api.telegram.org/bot7719047607:AAE-tWMiqZLoPGLXy4mIWmgOtWeje9mrF9Y/getUpdates "HTTP/1.1 200 OK"
2025-02-04 06:45:21,583 - httpx - INFO - HTTP Request: POST https://api.telegram.org/bot7719047607:AAE-tWMiqZLoPGLXy4mIWmgOtWeje9mrF9Y/answerCallbackQuery "HTTP/1.1 200 OK"
2025-02-04 06:45:21,623 - httpx - INFO - HTTP Request: POST https://api.telegram.org/bot7719047607:AAE-tWMiqZLoPGLXy4mIWmgOtWeje9mrF9Y/editMessageText "HTTP/1.1 200 OK"
2025-02-04 06:45:23,322 - httpx - INFO - HTTP Request: POST https://api.telegram.org/bot7719047607:AAE-tWMiqZLoPGLXy4mIWmgOtWeje9mrF9Y/getUpdates "HTTP/1.1 200 OK"
2025-02-04 06:45:23,360 - httpx - INFO - HTTP Request: POST https://api.telegram.org/bot7719047607:AAE-tWMiqZLoPGLXy4mIWmgOtWeje9mrF9Y/answerCallbackQuery "HTTP/1.1 200 OK"
2025-02-04 06:45:23,403 - httpx - INFO - HTTP Request: POST https://api.telegram.org/bot7719047607:AAE-tWMiqZLoPGLXy4mIWmgOtWeje9mrF9Y/editMessageText "HTTP/1.1 200 OK"
2025-02-04 06:45:25,059 - httpx - INFO - HTTP Request: POST https://api.telegram.org/bot7719047607:AAE-tWMiqZLoPGLXy4mIWmgOtWeje9mrF9Y/getUpdates "HTTP/1.1 200 OK"
2025-02-04 06:45:25,091 - httpx - INFO - HTTP Request: POST https://api.telegram.org/bot7719047607:AAE-tWMiqZLoPGLXy4mIWmgOtWeje9mrF9Y/answerCallbackQuery "HTTP/1.1 200 OK"
2025-02-04 06:45:25,135 - httpx - INFO - HTTP Request: POST https://api.telegram.org/bot7719047607:AAE-tWMiqZLoPGLXy4mIWmgOtWeje9mrF9Y/editMessageText "HTTP/1.1 200 OK"
2025-02-04 06:45:25,827 - httpx - INFO - HTTP Request: POST https://api.telegram.org/bot7719047607:AAE-tWMiqZLoPGLXy4mIWmgOtWeje9mrF9Y/getUpdates "HTTP/1.1 200 OK"
2025-02-04 06:45:25,855 - httpx - INFO - HTTP Request: POST https://api.telegram.org/bot7719047607:AAE-tWMiqZLoPGLXy4mIWmgOtWeje9mrF9Y/answerCallbackQuery "HTTP/1.1 200 OK"
2025-02-04 06:45:25,900 - httpx - INFO - HTTP Request: POST https://api.telegram.org/bot7719047607:AAE-tWMiqZLoPGLXy4mIWmgOtWeje9mrF9Y/editMessageText "HTTP/1.1 200 OK"
2025-02-04 06:45:27,053 - httpx - INFO - HTTP Request: POST https://api.telegram.org/bot7719047607:AAE-tWMiqZLoPGLXy4mIWmgOtWeje9mrF9Y/getUpdates "HTTP/1.1 200 OK"
2025-02-04 06:45:27,084 - httpx - INFO - HTTP Request: POST https://api.telegram.org/bot7719047607:AAE-tWMiqZLoPGLXy4mIWmgOtWeje9mrF9Y/answerCallbackQuery "HTTP/1.1 200 OK"
2025-02-04 06:45:27,137 - httpx - INFO - HTTP Request: POST https://api.telegram.org/bot7719047607:AAE-tWMiqZLoPGLXy4mIWmgOtWeje9mrF9Y/editMessageText "HTTP/1.1 200 OK"
2025-02-04 06:45:28,300 - httpx - INFO - HTTP Request: POST https://api.telegram.org/bot7719047607:AAE-tWMiqZLoPGLXy4mIWmgOtWeje9mrF9Y/getUpdates "HTTP/1.1 200 OK"
2025-02-04 06:45:28,333 - httpx - INFO - HTTP Request: POST https://api.telegram.org/bot7719047607:AAE-tWMiqZLoPGLXy4mIWmgOtWeje9mrF9Y/answerCallbackQuery "HTTP/1.1 200 OK"
2025-02-04 06:45:28,382 - httpx - INFO - HTTP Request: POST https://api.telegram.org/bot7719047607:AAE-tWMiqZLoPGLXy4mIWmgOtWeje9mrF9Y/editMessageText "HTTP/1.1 200 OK"
2025-02-04 06:45:30,053 - httpx - INFO - HTTP Request: POST https://api.telegram.org/bot7719047607:AAE-tWMiqZLoPGLXy4mIWmgOtWeje9mrF9Y/getUpdates "HTTP/1.1 200 OK"
2025-02-04 06:45:30,084 - httpx - INFO - HTTP Request: POST https://api.telegram.org/bot7719047607:AAE-tWMiqZLoPGLXy4mIWmgOtWeje9mrF9Y/answerCallbackQuery "HTTP/1.1 200 OK"
2025-02-04 06:45:30,125 - httpx - INFO - HTTP Request: POST https://api.telegram.org/bot7719047607:AAE-tWMiqZLoPGLXy4mIWmgOtWeje9mrF9Y/editMessageText "HTTP/1.1 200 OK"
2025-02-04 06:45:30,746 - httpx - INFO - HTTP Request: POST https://api.telegram.org/bot7719047607:AAE-tWMiqZLoPGLXy4mIWmgOtWeje9mrF9Y/getUpdates "HTTP/1.1 200 OK"
2025-02-04 06:45:30,785 - httpx - INFO - HTTP Request: POST https://api.telegram.org/bot7719047607:AAE-tWMiqZLoPGLXy4mIWmgOtWeje9mrF9Y/answerCallbackQuery "HTTP/1.1 200 OK"
2025-02-04 06:45:30,828 - httpx - INFO - HTTP Request: POST https://api.telegram.org/bot7719047607:AAE-tWMiqZLoPGLXy4mIWmgOtWeje9mrF9Y/editMessageText "HTTP/1.1 200 OK"
2025-02-04 06:45:31,495 - httpx - INFO - HTTP Request: POST https://api.telegram.org/bot7719047607:AAE-tWMiqZLoPGLXy4mIWmgOtWeje9mrF9Y/getUpdates "HTTP/1.1 200 OK"
2025-02-04 06:45:31,529 - httpx - INFO - HTTP Request: POST https://api.telegram.org/bot7719047607:AAE-tWMiqZLoPGLXy4mIWmgOtWeje9mrF9Y/answerCallbackQuery "HTTP/1.1 200 OK"
2025-02-04 06:45:31,571 - httpx - INFO - HTTP Request: POST https://api.telegram.org/bot7719047607:AAE-tWMiqZLoPGLXy4mIWmgOtWeje9mrF9Y/editMessageText "HTTP/1.1 200 OK"
2025-02-04 06:45:32,637 - httpx - INFO - HTTP Request: POST https://api.telegram.org/bot7719047607:AAE-tWMiqZLoPGLXy4mIWmgOtWeje9mrF9Y/getUpdates "HTTP/1.1 200 OK"
2025-02-04 06:45:32,670 - httpx - INFO - HTTP Request: POST https://api.telegram.org/bot7719047607:AAE-tWMiqZLoPGLXy4mIWmgOtWeje9mrF9Y/answerCallbackQuery "HTTP/1.1 200 OK"
2025-02-04 06:45:32,713 - httpx - INFO - HTTP Request: POST https://api.telegram.org/bot7719047607:AAE-tWMiqZLoPGLXy4mIWmgOtWeje9mrF9Y/editMessageText "HTTP/1.1 200 OK"
2025-02-04 06:45:33,625 - httpx - INFO - HTTP Request: POST https://api.telegram.org/bot7719047607:AAE-tWMiqZLoPGLXy4mIWmgOtWeje9mrF9Y/getUpdates "HTTP/1.1 200 OK"
2025-02-04 06:45:33,658 - httpx - INFO - HTTP Request: POST https://api.telegram.org/bot7719047607:AAE-tWMiqZLoPGLXy4mIWmgOtWeje9mrF9Y/answerCallbackQuery "HTTP/1.1 200 OK"
2025-02-04 06:45:33,700 - httpx - INFO - HTTP Request: POST https://api.telegram.org/bot7719047607:AAE-tWMiqZLoPGLXy4mIWmgOtWeje9mrF9Y/editMessageText "HTTP/1.1 200 OK"
2025-02-04 06:45:34,516 - httpx - INFO - HTTP Request: POST https://api.telegram.org/bot7719047607:AAE-tWMiqZLoPGLXy4mIWmgOtWeje9mrF9Y/getUpdates "HTTP/1.1 200 OK"
2025-02-04 06:45:34,559 - httpx - INFO - HTTP Request: POST https://api.telegram.org/bot7719047607:AAE-tWMiqZLoPGLXy4mIWmgOtWeje9mrF9Y/answerCallbackQuery "HTTP/1.1 200 OK"
2025-02-04 06:45:34,616 - httpx - INFO - HTTP Request: POST https://api.telegram.org/bot7719047607:AAE-tWMiqZLoPGLXy4mIWmgOtWeje9mrF9Y/editMessageText "HTTP/1.1 200 OK"
2025-02-04 06:45:35,546 - httpx - INFO - HTTP Request: POST https://api.telegram.org/bot7719047607:AAE-tWMiqZLoPGLXy4mIWmgOtWeje9mrF9Y/getUpdates "HTTP/1.1 200 OK"
2025-02-04 06:45:35,578 - httpx - INFO - HTTP Request: POST https://api.telegram.org/bot7719047607:AAE-tWMiqZLoPGLXy4mIWmgOtWeje9mrF9Y/answerCallbackQuery "HTTP/1.1 200 OK"
2025-02-04 06:45:35,622 - httpx - INFO - HTTP Request: POST https://api.telegram.org/bot7719047607:AAE-tWMiqZLoPGLXy4mIWmgOtWeje9mrF9Y/editMessageText "HTTP/1.1 200 OK"
2025-02-04 06:45:36,333 - httpx - INFO - HTTP Request: POST https://api.telegram.org/bot7719047607:AAE-tWMiqZLoPGLXy4mIWmgOtWeje9mrF9Y/getUpdates "HTTP/1.1 200 OK"
2025-02-04 06:45:36,366 - httpx - INFO - HTTP Request: POST https://api.telegram.org/bot7719047607:AAE-tWMiqZLoPGLXy4mIWmgOtWeje9mrF9Y/answerCallbackQuery "HTTP/1.1 200 OK"
2025-02-04 06:45:36,408 - httpx - INFO - HTTP Request: POST https://api.telegram.org/bot7719047607:AAE-tWMiqZLoPGLXy4mIWmgOtWeje9mrF9Y/editMessageText "HTTP/1.1 200 OK"
2025-02-04 06:45:38,717 - httpx - INFO - HTTP Request: POST https://api.telegram.org/bot7719047607:AAE-tWMiqZLoPGLXy4mIWmgOtWeje9mrF9Y/getUpdates "HTTP/1.1 200 OK"
2025-02-04 06:45:38,756 - httpx - INFO - HTTP Request: POST https://api.telegram.org/bot7719047607:AAE-tWMiqZLoPGLXy4mIWmgOtWeje9mrF9Y/answerCallbackQuery "HTTP/1.1 200 OK"
2025-02-04 06:45:38,802 - httpx - INFO - HTTP Request: POST https://api.telegram.org/bot7719047607:AAE-tWMiqZLoPGLXy4mIWmgOtWeje9mrF9Y/editMessageText "HTTP/1.1 200 OK"
2025-02-04 06:45:39,527 - httpx - INFO - HTTP Request: POST https://api.telegram.org/bot7719047607:AAE-tWMiqZLoPGLXy4mIWmgOtWeje9mrF9Y/getUpdates "HTTP/1.1 200 OK"
2025-02-04 06:45:39,560 - httpx - INFO - HTTP Request: POST https://api.telegram.org/bot7719047607:AAE-tWMiqZLoPGLXy4mIWmgOtWeje9mrF9Y/answerCallbackQuery "HTTP/1.1 200 OK"
2025-02-04 06:45:39,604 - httpx - INFO - HTTP Request: POST https://api.telegram.org/bot7719047607:AAE-tWMiqZLoPGLXy4mIWmgOtWeje9mrF9Y/editMessageText "HTTP/1.1 200 OK"
2025-02-04 06:45:49,591 - httpx - INFO - HTTP Request: POST https://api.telegram.org/bot7719047607:AAE-tWMiqZLoPGLXy4mIWmgOtWeje9mrF9Y/getUpdates "HTTP/1.1 200 OK"
2025-02-04 06:45:49,864 - httpx - INFO - HTTP Request: POST https://api.telegram.org/bot7719047607:AAE-tWMiqZLoPGLXy4mIWmgOtWeje9mrF9Y/getUpdates "HTTP/1.1 200 OK"
2025-02-04 06:45:50,094 - httpx - INFO - HTTP Request: POST https://api.telegram.org/bot7719047607:AAE-tWMiqZLoPGLXy4mIWmgOtWeje9mrF9Y/answerCallbackQuery "HTTP/1.1 200 OK"
2025-02-04 06:45:50,180 - httpx - INFO - HTTP Request: POST https://api.telegram.org/bot7719047607:AAE-tWMiqZLoPGLXy4mIWmgOtWeje9mrF9Y/editMessageText "HTTP/1.1 200 OK"
2025-02-04 06:45:51,444 - httpx - INFO - HTTP Request: POST https://api.telegram.org/bot7719047607:AAE-tWMiqZLoPGLXy4mIWmgOtWeje9mrF9Y/getUpdates "HTTP/1.1 200 OK"
2025-02-04 06:45:51,478 - httpx - INFO - HTTP Request: POST https://api.telegram.org/bot7719047607:AAE-tWMiqZLoPGLXy4mIWmgOtWeje9mrF9Y/answerCallbackQuery "HTTP/1.1 200 OK"
2025-02-04 06:45:51,520 - httpx - INFO - HTTP Request: POST https://api.telegram.org/bot7719047607:AAE-tWMiqZLoPGLXy4mIWmgOtWeje9mrF9Y/editMessageText "HTTP/1.1 200 OK"
2025-02-04 06:45:52,361 - httpx - INFO - HTTP Request: POST https://api.telegram.org/bot7719047607:AAE-tWMiqZLoPGLXy4mIWmgOtWeje9mrF9Y/getUpdates "HTTP/1.1 200 OK"
2025-02-04 06:45:52,435 - httpx - INFO - HTTP Request: POST https://api.telegram.org/bot7719047607:AAE-tWMiqZLoPGLXy4mIWmgOtWeje9mrF9Y/answerCallbackQuery "HTTP/1.1 200 OK"
2025-02-04 06:45:52,525 - httpx - INFO - HTTP Request: POST https://api.telegram.org/bot7719047607:AAE-tWMiqZLoPGLXy4mIWmgOtWeje9mrF9Y/editMessageText "HTTP/1.1 200 OK"
2025-02-04 06:45:53,386 - httpx - INFO - HTTP Request: POST https://api.telegram.org/bot7719047607:AAE-tWMiqZLoPGLXy4mIWmgOtWeje9mrF9Y/getUpdates "HTTP/1.1 200 OK"
2025-02-04 06:45:53,424 - httpx - INFO - HTTP Request: POST https://api.telegram.org/bot7719047607:AAE-tWMiqZLoPGLXy4mIWmgOtWeje9mrF9Y/answerCallbackQuery "HTTP/1.1 200 OK"
2025-02-04 06:45:53,469 - httpx - INFO - HTTP Request: POST https://api.telegram.org/bot7719047607:AAE-tWMiqZLoPGLXy4mIWmgOtWeje9mrF9Y/editMessageText "HTTP/1.1 200 OK"
2025-02-04 06:45:54,514 - httpx - INFO - HTTP Request: POST https://api.telegram.org/bot7719047607:AAE-tWMiqZLoPGLXy4mIWmgOtWeje9mrF9Y/getUpdates "HTTP/1.1 200 OK"
2025-02-04 06:45:54,557 - httpx - INFO - HTTP Request: POST https://api.telegram.org/bot7719047607:AAE-tWMiqZLoPGLXy4mIWmgOtWeje9mrF9Y/answerCallbackQuery "HTTP/1.1 200 OK"
2025-02-04 06:45:54,654 - httpx - INFO - HTTP Request: POST https://api.telegram.org/bot7719047607:AAE-tWMiqZLoPGLXy4mIWmgOtWeje9mrF9Y/editMessageText "HTTP/1.1 200 OK"
2025-02-04 06:45:56,313 - httpx - INFO - HTTP Request: POST https://api.telegram.org/bot7719047607:AAE-tWMiqZLoPGLXy4mIWmgOtWeje9mrF9Y/getUpdates "HTTP/1.1 200 OK"
2025-02-04 06:45:56,372 - httpx - INFO - HTTP Request: POST https://api.telegram.org/bot7719047607:AAE-tWMiqZLoPGLXy4mIWmgOtWeje9mrF9Y/answerCallbackQuery "HTTP/1.1 200 OK"
2025-02-04 06:45:56,433 - httpx - INFO - HTTP Request: POST https://api.telegram.org/bot7719047607:AAE-tWMiqZLoPGLXy4mIWmgOtWeje9mrF9Y/editMessageText "HTTP/1.1 200 OK"
2025-02-04 06:45:57,029 - httpx - INFO - HTTP Request: POST https://api.telegram.org/bot7719047607:AAE-tWMiqZLoPGLXy4mIWmgOtWeje9mrF9Y/getUpdates "HTTP/1.1 200 OK"
2025-02-04 06:45:57,113 - httpx - INFO - HTTP Request: POST https://api.telegram.org/bot7719047607:AAE-tWMiqZLoPGLXy4mIWmgOtWeje9mrF9Y/answerCallbackQuery "HTTP/1.1 200 OK"
2025-02-04 06:45:58,012 - httpx - INFO - HTTP Request: POST https://api.telegram.org/bot7719047607:AAE-tWMiqZLoPGLXy4mIWmgOtWeje9mrF9Y/editMessageText "HTTP/1.1 200 OK"
2025-02-04 06:45:58,677 - httpx - INFO - HTTP Request: POST https://api.telegram.org/bot7719047607:AAE-tWMiqZLoPGLXy4mIWmgOtWeje9mrF9Y/getUpdates "HTTP/1.1 200 OK"
2025-02-04 06:45:58,834 - httpx - INFO - HTTP Request: POST https://api.telegram.org/bot7719047607:AAE-tWMiqZLoPGLXy4mIWmgOtWeje9mrF9Y/answerCallbackQuery "HTTP/1.1 200 OK"
2025-02-04 06:45:59,003 - httpx - INFO - HTTP Request: POST https://api.telegram.org/bot7719047607:AAE-tWMiqZLoPGLXy4mIWmgOtWeje9mrF9Y/editMessageText "HTTP/1.1 200 OK"
2025-02-04 06:46:00,586 - httpx - INFO - HTTP Request: POST https://api.telegram.org/bot7719047607:AAE-tWMiqZLoPGLXy4mIWmgOtWeje9mrF9Y/getUpdates "HTTP/1.1 200 OK"
2025-02-04 06:46:00,646 - httpx - INFO - HTTP Request: POST https://api.telegram.org/bot7719047607:AAE-tWMiqZLoPGLXy4mIWmgOtWeje9mrF9Y/answerCallbackQuery "HTTP/1.1 200 OK"
2025-02-04 06:46:00,693 - httpx - INFO - HTTP Request: POST https://api.telegram.org/bot7719047607:AAE-tWMiqZLoPGLXy4mIWmgOtWeje9mrF9Y/editMessageText "HTTP/1.1 200 OK"
2025-02-04 06:46:03,124 - httpx - INFO - HTTP Request: POST https://api.telegram.org/bot7719047607:AAE-tWMiqZLoPGLXy4mIWmgOtWeje9mrF9Y/getUpdates "HTTP/1.1 200 OK"
2025-02-04 06:46:03,177 - httpx - INFO - HTTP Request: POST https://api.telegram.org/bot7719047607:AAE-tWMiqZLoPGLXy4mIWmgOtWeje9mrF9Y/sendMessage "HTTP/1.1 200 OK"
2025-02-04 06:46:05,745 - httpx - INFO - HTTP Request: POST https://api.telegram.org/bot7719047607:AAE-tWMiqZLoPGLXy4mIWmgOtWeje9mrF9Y/getUpdates "HTTP/1.1 200 OK"
2025-02-04 06:46:05,781 - httpx - INFO - HTTP Request: POST https://api.telegram.org/bot7719047607:AAE-tWMiqZLoPGLXy4mIWmgOtWeje9mrF9Y/answerCallbackQuery "HTTP/1.1 200 OK"
2025-02-04 06:46:05,832 - httpx - INFO - HTTP Request: POST https://api.telegram.org/bot7719047607:AAE-tWMiqZLoPGLXy4mIWmgOtWeje9mrF9Y/editMessageText "HTTP/1.1 200 OK"
2025-02-04 06:46:06,720 - httpx - INFO - HTTP Request: POST https://api.telegram.org/bot7719047607:AAE-tWMiqZLoPGLXy4mIWmgOtWeje9mrF9Y/getUpdates "HTTP/1.1 200 OK"
2025-02-04 06:46:06,767 - httpx - INFO - HTTP Request: POST https://api.telegram.org/bot7719047607:AAE-tWMiqZLoPGLXy4mIWmgOtWeje9mrF9Y/answerCallbackQuery "HTTP/1.1 200 OK"
2025-02-04 06:46:06,807 - httpx - INFO - HTTP Request: POST https://api.telegram.org/bot7719047607:AAE-tWMiqZLoPGLXy4mIWmgOtWeje9mrF9Y/editMessageText "HTTP/1.1 200 OK"
2025-02-04 06:46:09,831 - httpx - INFO - HTTP Request: POST https://api.telegram.org/bot7719047607:AAE-tWMiqZLoPGLXy4mIWmgOtWeje9mrF9Y/getUpdates "HTTP/1.1 200 OK"
2025-02-04 06:46:09,868 - httpx - INFO - HTTP Request: POST https://api.telegram.org/bot7719047607:AAE-tWMiqZLoPGLXy4mIWmgOtWeje9mrF9Y/deleteMessage "HTTP/1.1 200 OK"
2025-02-04 06:46:09,912 - httpx - INFO - HTTP Request: POST https://api.telegram.org/bot7719047607:AAE-tWMiqZLoPGLXy4mIWmgOtWeje9mrF9Y/sendMessage "HTTP/1.1 200 OK"
2025-02-04 06:46:09,945 - httpx - INFO - HTTP Request: POST https://api.telegram.org/bot7719047607:AAE-tWMiqZLoPGLXy4mIWmgOtWeje9mrF9Y/deleteMessage "HTTP/1.1 200 OK"
2025-02-04 06:46:11,569 - httpx - INFO - HTTP Request: POST https://api.telegram.org/bot7719047607:AAE-tWMiqZLoPGLXy4mIWmgOtWeje9mrF9Y/getUpdates "HTTP/1.1 200 OK"
2025-02-04 06:46:11,604 - httpx - INFO - HTTP Request: POST https://api.telegram.org/bot7719047607:AAE-tWMiqZLoPGLXy4mIWmgOtWeje9mrF9Y/deleteMessage "HTTP/1.1 200 OK"
2025-02-04 06:46:11,651 - httpx - INFO - HTTP Request: POST https://api.telegram.org/bot7719047607:AAE-tWMiqZLoPGLXy4mIWmgOtWeje9mrF9Y/sendMessage "HTTP/1.1 200 OK"
2025-02-04 06:46:11,688 - httpx - INFO - HTTP Request: POST https://api.telegram.org/bot7719047607:AAE-tWMiqZLoPGLXy4mIWmgOtWeje9mrF9Y/deleteMessage "HTTP/1.1 200 OK"
2025-02-04 06:46:12,637 - httpx - INFO - HTTP Request: POST https://api.telegram.org/bot7719047607:AAE-tWMiqZLoPGLXy4mIWmgOtWeje9mrF9Y/getUpdates "HTTP/1.1 200 OK"
2025-02-04 06:46:12,701 - httpx - INFO - HTTP Request: POST https://api.telegram.org/bot7719047607:AAE-tWMiqZLoPGLXy4mIWmgOtWeje9mrF9Y/deleteMessage "HTTP/1.1 200 OK"
2025-02-04 06:46:12,763 - httpx - INFO - HTTP Request: POST https://api.telegram.org/bot7719047607:AAE-tWMiqZLoPGLXy4mIWmgOtWeje9mrF9Y/sendMessage "HTTP/1.1 200 OK"
2025-02-04 06:46:12,871 - httpx - INFO - HTTP Request: POST https://api.telegram.org/bot7719047607:AAE-tWMiqZLoPGLXy4mIWmgOtWeje9mrF9Y/deleteMessage "HTTP/1.1 200 OK"
2025-02-04 06:46:14,384 - httpx - INFO - HTTP Request: POST https://api.telegram.org/bot7719047607:AAE-tWMiqZLoPGLXy4mIWmgOtWeje9mrF9Y/getUpdates "HTTP/1.1 200 OK"
2025-02-04 06:46:14,425 - httpx - INFO - HTTP Request: POST https://api.telegram.org/bot7719047607:AAE-tWMiqZLoPGLXy4mIWmgOtWeje9mrF9Y/answerCallbackQuery "HTTP/1.1 200 OK"
2025-02-04 06:46:14,476 - httpx - INFO - HTTP Request: POST https://api.telegram.org/bot7719047607:AAE-tWMiqZLoPGLXy4mIWmgOtWeje9mrF9Y/editMessageText "HTTP/1.1 200 OK"
2025-02-04 06:46:16,786 - httpx - INFO - HTTP Request: POST https://api.telegram.org/bot7719047607:AAE-tWMiqZLoPGLXy4mIWmgOtWeje9mrF9Y/getUpdates "HTTP/1.1 200 OK"
2025-02-04 06:46:16,819 - httpx - INFO - HTTP Request: POST https://api.telegram.org/bot7719047607:AAE-tWMiqZLoPGLXy4mIWmgOtWeje9mrF9Y/answerCallbackQuery "HTTP/1.1 200 OK"
2025-02-04 06:46:16,862 - httpx - INFO - HTTP Request: POST https://api.telegram.org/bot7719047607:AAE-tWMiqZLoPGLXy4mIWmgOtWeje9mrF9Y/editMessageText "HTTP/1.1 200 OK"
2025-02-04 06:46:18,886 - httpx - INFO - HTTP Request: POST https://api.telegram.org/bot7719047607:AAE-tWMiqZLoPGLXy4mIWmgOtWeje9mrF9Y/getUpdates "HTTP/1.1 200 OK"
2025-02-04 06:46:18,925 - httpx - INFO - HTTP Request: POST https://api.telegram.org/bot7719047607:AAE-tWMiqZLoPGLXy4mIWmgOtWeje9mrF9Y/answerCallbackQuery "HTTP/1.1 200 OK"
2025-02-04 06:46:18,987 - httpx - INFO - HTTP Request: POST https://api.telegram.org/bot7719047607:AAE-tWMiqZLoPGLXy4mIWmgOtWeje9mrF9Y/editMessageText "HTTP/1.1 200 OK"
2025-02-04 06:46:21,700 - httpx - INFO - HTTP Request: POST https://api.telegram.org/bot7719047607:AAE-tWMiqZLoPGLXy4mIWmgOtWeje9mrF9Y/getUpdates "HTTP/1.1 200 OK"
2025-02-04 06:46:21,736 - httpx - INFO - HTTP Request: POST https://api.telegram.org/bot7719047607:AAE-tWMiqZLoPGLXy4mIWmgOtWeje9mrF9Y/deleteMessage "HTTP/1.1 200 OK"
2025-02-04 06:46:21,775 - httpx - INFO - HTTP Request: POST https://api.telegram.org/bot7719047607:AAE-tWMiqZLoPGLXy4mIWmgOtWeje9mrF9Y/sendMessage "HTTP/1.1 200 OK"
2025-02-04 06:46:21,811 - httpx - INFO - HTTP Request: POST https://api.telegram.org/bot7719047607:AAE-tWMiqZLoPGLXy4mIWmgOtWeje9mrF9Y/deleteMessage "HTTP/1.1 200 OK"
2025-02-04 06:46:22,919 - httpx - INFO - HTTP Request: POST https://api.telegram.org/bot7719047607:AAE-tWMiqZLoPGLXy4mIWmgOtWeje9mrF9Y/getUpdates "HTTP/1.1 200 OK"
2025-02-04 06:46:22,955 - httpx - INFO - HTTP Request: POST https://api.telegram.org/bot7719047607:AAE-tWMiqZLoPGLXy4mIWmgOtWeje9mrF9Y/deleteMessage "HTTP/1.1 200 OK"
2025-02-04 06:46:23,009 - httpx - INFO - HTTP Request: POST https://api.telegram.org/bot7719047607:AAE-tWMiqZLoPGLXy4mIWmgOtWeje9mrF9Y/sendMessage "HTTP/1.1 200 OK"
2025-02-04 06:46:23,043 - httpx - INFO - HTTP Request: POST https://api.telegram.org/bot7719047607:AAE-tWMiqZLoPGLXy4mIWmgOtWeje9mrF9Y/deleteMessage "HTTP/1.1 200 OK"
2025-02-04 06:46:24,212 - httpx - INFO - HTTP Request: POST https://api.telegram.org/bot7719047607:AAE-tWMiqZLoPGLXy4mIWmgOtWeje9mrF9Y/getUpdates "HTTP/1.1 200 OK"
2025-02-04 06:46:24,251 - httpx - INFO - HTTP Request: POST https://api.telegram.org/bot7719047607:AAE-tWMiqZLoPGLXy4mIWmgOtWeje9mrF9Y/deleteMessage "HTTP/1.1 200 OK"
2025-02-04 06:46:24,296 - httpx - INFO - HTTP Request: POST https://api.telegram.org/bot7719047607:AAE-tWMiqZLoPGLXy4mIWmgOtWeje9mrF9Y/sendMessage "HTTP/1.1 200 OK"
2025-02-04 06:46:24,333 - httpx - INFO - HTTP Request: POST https://api.telegram.org/bot7719047607:AAE-tWMiqZLoPGLXy4mIWmgOtWeje9mrF9Y/deleteMessage "HTTP/1.1 200 OK"
2025-02-04 06:46:27,631 - httpx - INFO - HTTP Request: POST https://api.telegram.org/bot7719047607:AAE-tWMiqZLoPGLXy4mIWmgOtWeje9mrF9Y/getUpdates "HTTP/1.1 200 OK"
2025-02-04 06:46:27,681 - httpx - INFO - HTTP Request: POST https://api.telegram.org/bot7719047607:AAE-tWMiqZLoPGLXy4mIWmgOtWeje9mrF9Y/answerCallbackQuery "HTTP/1.1 200 OK"
2025-02-04 06:46:27,731 - httpx - INFO - HTTP Request: POST https://api.telegram.org/bot7719047607:AAE-tWMiqZLoPGLXy4mIWmgOtWeje9mrF9Y/editMessageText "HTTP/1.1 200 OK"
2025-02-04 06:46:29,183 - httpx - INFO - HTTP Request: POST https://api.telegram.org/bot7719047607:AAE-tWMiqZLoPGLXy4mIWmgOtWeje9mrF9Y/getUpdates "HTTP/1.1 200 OK"
2025-02-04 06:46:29,258 - httpx - INFO - HTTP Request: POST https://api.telegram.org/bot7719047607:AAE-tWMiqZLoPGLXy4mIWmgOtWeje9mrF9Y/answerCallbackQuery "HTTP/1.1 200 OK"
2025-02-04 06:46:29,431 - httpx - INFO - HTTP Request: POST https://api.telegram.org/bot7719047607:AAE-tWMiqZLoPGLXy4mIWmgOtWeje9mrF9Y/editMessageText "HTTP/1.1 200 OK"
2025-02-04 06:46:30,562 - httpx - INFO - HTTP Request: POST https://api.telegram.org/bot7719047607:AAE-tWMiqZLoPGLXy4mIWmgOtWeje9mrF9Y/getUpdates "HTTP/1.1 200 OK"
2025-02-04 06:46:30,595 - httpx - INFO - HTTP Request: POST https://api.telegram.org/bot7719047607:AAE-tWMiqZLoPGLXy4mIWmgOtWeje9mrF9Y/answerCallbackQuery "HTTP/1.1 200 OK"
2025-02-04 06:46:30,640 - httpx - INFO - HTTP Request: POST https://api.telegram.org/bot7719047607:AAE-tWMiqZLoPGLXy4mIWmgOtWeje9mrF9Y/editMessageText "HTTP/1.1 200 OK"
2025-02-04 06:46:31,432 - httpx - INFO - HTTP Request: POST https://api.telegram.org/bot7719047607:AAE-tWMiqZLoPGLXy4mIWmgOtWeje9mrF9Y/getUpdates "HTTP/1.1 200 OK"
2025-02-04 06:46:31,486 - httpx - INFO - HTTP Request: POST https://api.telegram.org/bot7719047607:AAE-tWMiqZLoPGLXy4mIWmgOtWeje9mrF9Y/answerCallbackQuery "HTTP/1.1 200 OK"
2025-02-04 06:46:31,527 - httpx - INFO - HTTP Request: POST https://api.telegram.org/bot7719047607:AAE-tWMiqZLoPGLXy4mIWmgOtWeje9mrF9Y/editMessageText "HTTP/1.1 200 OK"
2025-02-04 06:46:32,166 - httpx - INFO - HTTP Request: POST https://api.telegram.org/bot7719047607:AAE-tWMiqZLoPGLXy4mIWmgOtWeje9mrF9Y/getUpdates "HTTP/1.1 200 OK"
2025-02-04 06:46:32,206 - httpx - INFO - HTTP Request: POST https://api.telegram.org/bot7719047607:AAE-tWMiqZLoPGLXy4mIWmgOtWeje9mrF9Y/answerCallbackQuery "HTTP/1.1 200 OK"
2025-02-04 06:46:32,245 - httpx - INFO - HTTP Request: POST https://api.telegram.org/bot7719047607:AAE-tWMiqZLoPGLXy4mIWmgOtWeje9mrF9Y/editMessageText "HTTP/1.1 200 OK"
2025-02-04 06:46:32,854 - httpx - INFO - HTTP Request: POST https://api.telegram.org/bot7719047607:AAE-tWMiqZLoPGLXy4mIWmgOtWeje9mrF9Y/getUpdates "HTTP/1.1 200 OK"
2025-02-04 06:46:32,891 - httpx - INFO - HTTP Request: POST https://api.telegram.org/bot7719047607:AAE-tWMiqZLoPGLXy4mIWmgOtWeje9mrF9Y/answerCallbackQuery "HTTP/1.1 200 OK"
2025-02-04 06:46:32,941 - httpx - INFO - HTTP Request: POST https://api.telegram.org/bot7719047607:AAE-tWMiqZLoPGLXy4mIWmgOtWeje9mrF9Y/editMessageText "HTTP/1.1 200 OK"
2025-02-04 06:46:33,674 - httpx - INFO - HTTP Request: POST https://api.telegram.org/bot7719047607:AAE-tWMiqZLoPGLXy4mIWmgOtWeje9mrF9Y/getUpdates "HTTP/1.1 200 OK"
2025-02-04 06:46:33,730 - httpx - INFO - HTTP Request: POST https://api.telegram.org/bot7719047607:AAE-tWMiqZLoPGLXy4mIWmgOtWeje9mrF9Y/answerCallbackQuery "HTTP/1.1 200 OK"
2025-02-04 06:46:33,778 - httpx - INFO - HTTP Request: POST https://api.telegram.org/bot7719047607:AAE-tWMiqZLoPGLXy4mIWmgOtWeje9mrF9Y/editMessageText "HTTP/1.1 200 OK"
2025-02-04 06:46:34,208 - httpx - INFO - HTTP Request: POST https://api.telegram.org/bot7719047607:AAE-tWMiqZLoPGLXy4mIWmgOtWeje9mrF9Y/getUpdates "HTTP/1.1 200 OK"
2025-02-04 06:46:34,242 - httpx - INFO - HTTP Request: POST https://api.telegram.org/bot7719047607:AAE-tWMiqZLoPGLXy4mIWmgOtWeje9mrF9Y/answerCallbackQuery "HTTP/1.1 200 OK"
2025-02-04 06:46:34,283 - httpx - INFO - HTTP Request: POST https://api.telegram.org/bot7719047607:AAE-tWMiqZLoPGLXy4mIWmgOtWeje9mrF9Y/editMessageText "HTTP/1.1 200 OK"
2025-02-04 06:46:34,657 - httpx - INFO - HTTP Request: POST https://api.telegram.org/bot7719047607:AAE-tWMiqZLoPGLXy4mIWmgOtWeje9mrF9Y/getUpdates "HTTP/1.1 200 OK"
2025-02-04 06:46:34,689 - httpx - INFO - HTTP Request: POST https://api.telegram.org/bot7719047607:AAE-tWMiqZLoPGLXy4mIWmgOtWeje9mrF9Y/answerCallbackQuery "HTTP/1.1 200 OK"
2025-02-04 06:46:34,731 - httpx - INFO - HTTP Request: POST https://api.telegram.org/bot7719047607:AAE-tWMiqZLoPGLXy4mIWmgOtWeje9mrF9Y/editMessageText "HTTP/1.1 200 OK"
2025-02-04 06:46:35,597 - httpx - INFO - HTTP Request: POST https://api.telegram.org/bot7719047607:AAE-tWMiqZLoPGLXy4mIWmgOtWeje9mrF9Y/getUpdates "HTTP/1.1 200 OK"
2025-02-04 06:46:35,662 - httpx - INFO - HTTP Request: POST https://api.telegram.org/bot7719047607:AAE-tWMiqZLoPGLXy4mIWmgOtWeje9mrF9Y/sendMessage "HTTP/1.1 200 OK"
2025-02-04 06:46:37,378 - httpx - INFO - HTTP Request: POST https://api.telegram.org/bot7719047607:AAE-tWMiqZLoPGLXy4mIWmgOtWeje9mrF9Y/getUpdates "HTTP/1.1 200 OK"
2025-02-04 06:46:37,415 - httpx - INFO - HTTP Request: POST https://api.telegram.org/bot7719047607:AAE-tWMiqZLoPGLXy4mIWmgOtWeje9mrF9Y/answerCallbackQuery "HTTP/1.1 200 OK"
2025-02-04 06:46:37,454 - httpx - INFO - HTTP Request: POST https://api.telegram.org/bot7719047607:AAE-tWMiqZLoPGLXy4mIWmgOtWeje9mrF9Y/editMessageText "HTTP/1.1 200 OK"
2025-02-04 06:46:38,271 - httpx - INFO - HTTP Request: POST https://api.telegram.org/bot7719047607:AAE-tWMiqZLoPGLXy4mIWmgOtWeje9mrF9Y/getUpdates "HTTP/1.1 200 OK"
2025-02-04 06:46:38,341 - httpx - INFO - HTTP Request: POST https://api.telegram.org/bot7719047607:AAE-tWMiqZLoPGLXy4mIWmgOtWeje9mrF9Y/answerCallbackQuery "HTTP/1.1 200 OK"
2025-02-04 06:46:38,416 - httpx - INFO - HTTP Request: POST https://api.telegram.org/bot7719047607:AAE-tWMiqZLoPGLXy4mIWmgOtWeje9mrF9Y/editMessageText "HTTP/1.1 200 OK"
2025-02-04 06:46:39,465 - httpx - INFO - HTTP Request: POST https://api.telegram.org/bot7719047607:AAE-tWMiqZLoPGLXy4mIWmgOtWeje9mrF9Y/getUpdates "HTTP/1.1 200 OK"
2025-02-04 06:46:39,497 - httpx - INFO - HTTP Request: POST https://api.telegram.org/bot7719047607:AAE-tWMiqZLoPGLXy4mIWmgOtWeje9mrF9Y/answerCallbackQuery "HTTP/1.1 200 OK"
2025-02-04 06:46:39,536 - httpx - INFO - HTTP Request: POST https://api.telegram.org/bot7719047607:AAE-tWMiqZLoPGLXy4mIWmgOtWeje9mrF9Y/editMessageText "HTTP/1.1 200 OK"
2025-02-04 06:46:40,343 - httpx - INFO - HTTP Request: POST https://api.telegram.org/bot7719047607:AAE-tWMiqZLoPGLXy4mIWmgOtWeje9mrF9Y/getUpdates "HTTP/1.1 200 OK"
2025-02-04 06:46:40,416 - httpx - INFO - HTTP Request: POST https://api.telegram.org/bot7719047607:AAE-tWMiqZLoPGLXy4mIWmgOtWeje9mrF9Y/answerCallbackQuery "HTTP/1.1 200 OK"
2025-02-04 06:46:40,512 - httpx - INFO - HTTP Request: POST https://api.telegram.org/bot7719047607:AAE-tWMiqZLoPGLXy4mIWmgOtWeje9mrF9Y/editMessageText "HTTP/1.1 200 OK"
2025-02-04 06:46:41,258 - httpx - INFO - HTTP Request: POST https://api.telegram.org/bot7719047607:AAE-tWMiqZLoPGLXy4mIWmgOtWeje9mrF9Y/getUpdates "HTTP/1.1 200 OK"
2025-02-04 06:46:41,308 - httpx - INFO - HTTP Request: POST https://api.telegram.org/bot7719047607:AAE-tWMiqZLoPGLXy4mIWmgOtWeje9mrF9Y/answerCallbackQuery "HTTP/1.1 200 OK"
2025-02-04 06:46:41,362 - httpx - INFO - HTTP Request: POST https://api.telegram.org/bot7719047607:AAE-tWMiqZLoPGLXy4mIWmgOtWeje9mrF9Y/editMessageText "HTTP/1.1 200 OK"
2025-02-04 06:46:42,282 - httpx - INFO - HTTP Request: POST https://api.telegram.org/bot7719047607:AAE-tWMiqZLoPGLXy4mIWmgOtWeje9mrF9Y/getUpdates "HTTP/1.1 200 OK"
2025-02-04 06:46:42,324 - httpx - INFO - HTTP Request: POST https://api.telegram.org/bot7719047607:AAE-tWMiqZLoPGLXy4mIWmgOtWeje9mrF9Y/answerCallbackQuery "HTTP/1.1 200 OK"
2025-02-04 06:46:42,371 - httpx - INFO - HTTP Request: POST https://api.telegram.org/bot7719047607:AAE-tWMiqZLoPGLXy4mIWmgOtWeje9mrF9Y/editMessageText "HTTP/1.1 200 OK"
2025-02-04 06:46:43,365 - httpx - INFO - HTTP Request: POST https://api.telegram.org/bot7719047607:AAE-tWMiqZLoPGLXy4mIWmgOtWeje9mrF9Y/getUpdates "HTTP/1.1 200 OK"
2025-02-04 06:46:43,478 - httpx - INFO - HTTP Request: POST https://api.telegram.org/bot7719047607:AAE-tWMiqZLoPGLXy4mIWmgOtWeje9mrF9Y/answerCallbackQuery "HTTP/1.1 200 OK"
2025-02-04 06:46:43,541 - httpx - INFO - HTTP Request: POST https://api.telegram.org/bot7719047607:AAE-tWMiqZLoPGLXy4mIWmgOtWeje9mrF9Y/editMessageText "HTTP/1.1 200 OK"
2025-02-04 06:46:44,163 - httpx - INFO - HTTP Request: POST https://api.telegram.org/bot7719047607:AAE-tWMiqZLoPGLXy4mIWmgOtWeje9mrF9Y/getUpdates "HTTP/1.1 200 OK"
2025-02-04 06:46:44,193 - httpx - INFO - HTTP Request: POST https://api.telegram.org/bot7719047607:AAE-tWMiqZLoPGLXy4mIWmgOtWeje9mrF9Y/answerCallbackQuery "HTTP/1.1 200 OK"
2025-02-04 06:46:44,237 - httpx - INFO - HTTP Request: POST https://api.telegram.org/bot7719047607:AAE-tWMiqZLoPGLXy4mIWmgOtWeje9mrF9Y/editMessageText "HTTP/1.1 200 OK"
2025-02-04 06:46:44,844 - httpx - INFO - HTTP Request: POST https://api.telegram.org/bot7719047607:AAE-tWMiqZLoPGLXy4mIWmgOtWeje9mrF9Y/getUpdates "HTTP/1.1 200 OK"
2025-02-04 06:46:44,903 - httpx - INFO - HTTP Request: POST https://api.telegram.org/bot7719047607:AAE-tWMiqZLoPGLXy4mIWmgOtWeje9mrF9Y/answerCallbackQuery "HTTP/1.1 200 OK"
2025-02-04 06:46:45,968 - httpx - INFO - HTTP Request: POST https://api.telegram.org/bot7719047607:AAE-tWMiqZLoPGLXy4mIWmgOtWeje9mrF9Y/editMessageText "HTTP/1.1 200 OK"
2025-02-04 06:46:46,149 - httpx - INFO - HTTP Request: POST https://api.telegram.org/bot7719047607:AAE-tWMiqZLoPGLXy4mIWmgOtWeje9mrF9Y/getUpdates "HTTP/1.1 200 OK"
2025-02-04 06:46:46,185 - httpx - INFO - HTTP Request: POST https://api.telegram.org/bot7719047607:AAE-tWMiqZLoPGLXy4mIWmgOtWeje9mrF9Y/answerCallbackQuery "HTTP/1.1 200 OK"
2025-02-04 06:46:46,238 - httpx - INFO - HTTP Request: POST https://api.telegram.org/bot7719047607:AAE-tWMiqZLoPGLXy4mIWmgOtWeje9mrF9Y/editMessageText "HTTP/1.1 200 OK"
2025-02-04 06:46:47,116 - httpx - INFO - HTTP Request: POST https://api.telegram.org/bot7719047607:AAE-tWMiqZLoPGLXy4mIWmgOtWeje9mrF9Y/getUpdates "HTTP/1.1 200 OK"
2025-02-04 06:46:47,152 - httpx - INFO - HTTP Request: POST https://api.telegram.org/bot7719047607:AAE-tWMiqZLoPGLXy4mIWmgOtWeje9mrF9Y/answerCallbackQuery "HTTP/1.1 200 OK"
2025-02-04 06:46:47,194 - httpx - INFO - HTTP Request: POST https://api.telegram.org/bot7719047607:AAE-tWMiqZLoPGLXy4mIWmgOtWeje9mrF9Y/editMessageText "HTTP/1.1 200 OK"
2025-02-04 06:46:57,151 - httpx - INFO - HTTP Request: POST https://api.telegram.org/bot7719047607:AAE-tWMiqZLoPGLXy4mIWmgOtWeje9mrF9Y/getUpdates "HTTP/1.1 200 OK"
2025-02-04 06:47:07,207 - httpx - INFO - HTTP Request: POST https://api.telegram.org/bot7719047607:AAE-tWMiqZLoPGLXy4mIWmgOtWeje9mrF9Y/getUpdates "HTTP/1.1 200 OK"
2025-02-04 06:47:16,675 - httpx - INFO - HTTP Request: POST https://api.telegram.org/bot7719047607:AAE-tWMiqZLoPGLXy4mIWmgOtWeje9mrF9Y/getUpdates "HTTP/1.1 200 OK"
2025-02-04 06:47:16,800 - httpx - INFO - HTTP Request: POST https://api.telegram.org/bot7719047607:AAE-tWMiqZLoPGLXy4mIWmgOtWeje9mrF9Y/answerCallbackQuery "HTTP/1.1 200 OK"
2025-02-04 06:47:16,850 - httpx - INFO - HTTP Request: POST https://api.telegram.org/bot7719047607:AAE-tWMiqZLoPGLXy4mIWmgOtWeje9mrF9Y/editMessageText "HTTP/1.1 200 OK"
2025-02-04 06:47:17,635 - httpx - INFO - HTTP Request: POST https://api.telegram.org/bot7719047607:AAE-tWMiqZLoPGLXy4mIWmgOtWeje9mrF9Y/getUpdates "HTTP/1.1 200 OK"
2025-02-04 06:47:17,674 - httpx - INFO - HTTP Request: POST https://api.telegram.org/bot7719047607:AAE-tWMiqZLoPGLXy4mIWmgOtWeje9mrF9Y/answerCallbackQuery "HTTP/1.1 200 OK"
2025-02-04 06:47:17,720 - httpx - INFO - HTTP Request: POST https://api.telegram.org/bot7719047607:AAE-tWMiqZLoPGLXy4mIWmgOtWeje9mrF9Y/editMessageText "HTTP/1.1 200 OK"
2025-02-04 06:47:18,967 - httpx - INFO - HTTP Request: POST https://api.telegram.org/bot7719047607:AAE-tWMiqZLoPGLXy4mIWmgOtWeje9mrF9Y/getUpdates "HTTP/1.1 200 OK"
2025-02-04 06:47:19,009 - httpx - INFO - HTTP Request: POST https://api.telegram.org/bot7719047607:AAE-tWMiqZLoPGLXy4mIWmgOtWeje9mrF9Y/answerCallbackQuery "HTTP/1.1 200 OK"
2025-02-04 06:47:19,059 - httpx - INFO - HTTP Request: POST https://api.telegram.org/bot7719047607:AAE-tWMiqZLoPGLXy4mIWmgOtWeje9mrF9Y/editMessageText "HTTP/1.1 200 OK"
2025-02-04 06:47:19,762 - httpx - INFO - HTTP Request: POST https://api.telegram.org/bot7719047607:AAE-tWMiqZLoPGLXy4mIWmgOtWeje9mrF9Y/getUpdates "HTTP/1.1 200 OK"
2025-02-04 06:47:19,833 - httpx - INFO - HTTP Request: POST https://api.telegram.org/bot7719047607:AAE-tWMiqZLoPGLXy4mIWmgOtWeje9mrF9Y/answerCallbackQuery "HTTP/1.1 200 OK"
2025-02-04 06:47:19,905 - httpx - INFO - HTTP Request: POST https://api.telegram.org/bot7719047607:AAE-tWMiqZLoPGLXy4mIWmgOtWeje9mrF9Y/editMessageText "HTTP/1.1 200 OK"
2025-02-04 06:47:20,433 - httpx - INFO - HTTP Request: POST https://api.telegram.org/bot7719047607:AAE-tWMiqZLoPGLXy4mIWmgOtWeje9mrF9Y/getUpdates "HTTP/1.1 200 OK"
2025-02-04 06:47:20,586 - httpx - INFO - HTTP Request: POST https://api.telegram.org/bot7719047607:AAE-tWMiqZLoPGLXy4mIWmgOtWeje9mrF9Y/answerCallbackQuery "HTTP/1.1 200 OK"
2025-02-04 06:47:20,632 - httpx - INFO - HTTP Request: POST https://api.telegram.org/bot7719047607:AAE-tWMiqZLoPGLXy4mIWmgOtWeje9mrF9Y/editMessageText "HTTP/1.1 200 OK"
2025-02-04 06:47:22,288 - httpx - INFO - HTTP Request: POST https://api.telegram.org/bot7719047607:AAE-tWMiqZLoPGLXy4mIWmgOtWeje9mrF9Y/getUpdates "HTTP/1.1 200 OK"
2025-02-04 06:47:22,427 - httpx - INFO - HTTP Request: POST https://api.telegram.org/bot7719047607:AAE-tWMiqZLoPGLXy4mIWmgOtWeje9mrF9Y/answerCallbackQuery "HTTP/1.1 200 OK"
2025-02-04 06:47:22,517 - httpx - INFO - HTTP Request: POST https://api.telegram.org/bot7719047607:AAE-tWMiqZLoPGLXy4mIWmgOtWeje9mrF9Y/editMessageText "HTTP/1.1 200 OK"
2025-02-04 06:47:23,092 - httpx - INFO - HTTP Request: POST https://api.telegram.org/bot7719047607:AAE-tWMiqZLoPGLXy4mIWmgOtWeje9mrF9Y/getUpdates "HTTP/1.1 200 OK"
2025-02-04 06:47:23,141 - httpx - INFO - HTTP Request: POST https://api.telegram.org/bot7719047607:AAE-tWMiqZLoPGLXy4mIWmgOtWeje9mrF9Y/answerCallbackQuery "HTTP/1.1 200 OK"
2025-02-04 06:47:23,175 - httpx - INFO - HTTP Request: POST https://api.telegram.org/bot7719047607:AAE-tWMiqZLoPGLXy4mIWmgOtWeje9mrF9Y/deleteMessage "HTTP/1.1 200 OK"
2025-02-04 06:47:23,229 - httpx - INFO - HTTP Request: POST https://api.telegram.org/bot7719047607:AAE-tWMiqZLoPGLXy4mIWmgOtWeje9mrF9Y/sendPhoto "HTTP/1.1 200 OK"
2025-02-04 06:47:25,859 - httpx - INFO - HTTP Request: POST https://api.telegram.org/bot7719047607:AAE-tWMiqZLoPGLXy4mIWmgOtWeje9mrF9Y/getUpdates "HTTP/1.1 200 OK"
2025-02-04 06:47:25,901 - httpx - INFO - HTTP Request: POST https://api.telegram.org/bot7719047607:AAE-tWMiqZLoPGLXy4mIWmgOtWeje9mrF9Y/answerCallbackQuery "HTTP/1.1 200 OK"
2025-02-04 06:47:25,969 - httpx - INFO - HTTP Request: POST https://api.telegram.org/bot7719047607:AAE-tWMiqZLoPGLXy4mIWmgOtWeje9mrF9Y/deleteMessage "HTTP/1.1 200 OK"
2025-02-04 06:47:25,995 - httpx - INFO - HTTP Request: POST https://api.telegram.org/bot7719047607:AAE-tWMiqZLoPGLXy4mIWmgOtWeje9mrF9Y/editMessageText "HTTP/1.1 400 Bad Request"
2025-02-04 06:47:26,057 - httpx - INFO - HTTP Request: POST https://api.telegram.org/bot7719047607:AAE-tWMiqZLoPGLXy4mIWmgOtWeje9mrF9Y/sendMessage "HTTP/1.1 200 OK"
2025-02-04 06:47:27,259 - httpx - INFO - HTTP Request: POST https://api.telegram.org/bot7719047607:AAE-tWMiqZLoPGLXy4mIWmgOtWeje9mrF9Y/getUpdates "HTTP/1.1 200 OK"
2025-02-04 06:47:27,295 - httpx - INFO - HTTP Request: POST https://api.telegram.org/bot7719047607:AAE-tWMiqZLoPGLXy4mIWmgOtWeje9mrF9Y/answerCallbackQuery "HTTP/1.1 200 OK"
2025-02-04 06:47:27,342 - httpx - INFO - HTTP Request: POST https://api.telegram.org/bot7719047607:AAE-tWMiqZLoPGLXy4mIWmgOtWeje9mrF9Y/editMessageText "HTTP/1.1 200 OK"
2025-02-04 06:47:31,529 - httpx - INFO - HTTP Request: POST https://api.telegram.org/bot7719047607:AAE-tWMiqZLoPGLXy4mIWmgOtWeje9mrF9Y/getUpdates "HTTP/1.1 200 OK"
2025-02-04 06:47:31,595 - httpx - INFO - HTTP Request: POST https://api.telegram.org/bot7719047607:AAE-tWMiqZLoPGLXy4mIWmgOtWeje9mrF9Y/sendMessage "HTTP/1.1 200 OK"
2025-02-04 06:47:34,245 - httpx - INFO - HTTP Request: POST https://api.telegram.org/bot7719047607:AAE-tWMiqZLoPGLXy4mIWmgOtWeje9mrF9Y/getUpdates "HTTP/1.1 200 OK"
2025-02-04 06:47:34,357 - httpx - INFO - HTTP Request: POST https://api.telegram.org/bot7719047607:AAE-tWMiqZLoPGLXy4mIWmgOtWeje9mrF9Y/answerCallbackQuery "HTTP/1.1 200 OK"
2025-02-04 06:47:34,537 - httpx - INFO - HTTP Request: POST https://api.telegram.org/bot7719047607:AAE-tWMiqZLoPGLXy4mIWmgOtWeje9mrF9Y/editMessageText "HTTP/1.1 200 OK"
2025-02-04 06:47:40,190 - httpx - INFO - HTTP Request: POST https://api.telegram.org/bot7719047607:AAE-tWMiqZLoPGLXy4mIWmgOtWeje9mrF9Y/getUpdates "HTTP/1.1 200 OK"
2025-02-04 06:47:40,289 - httpx - INFO - HTTP Request: POST https://api.telegram.org/bot7719047607:AAE-tWMiqZLoPGLXy4mIWmgOtWeje9mrF9Y/sendMessage "HTTP/1.1 200 OK"
2025-02-04 06:47:40,333 - httpx - INFO - HTTP Request: POST https://api.telegram.org/bot7719047607:AAE-tWMiqZLoPGLXy4mIWmgOtWeje9mrF9Y/sendMessage "HTTP/1.1 200 OK"
2025-02-04 06:47:40,419 - httpx - INFO - HTTP Request: POST https://api.telegram.org/bot7719047607:AAE-tWMiqZLoPGLXy4mIWmgOtWeje9mrF9Y/sendMessage "HTTP/1.1 200 OK"
2025-02-04 06:47:50,223 - httpx - INFO - HTTP Request: POST https://api.telegram.org/bot7719047607:AAE-tWMiqZLoPGLXy4mIWmgOtWeje9mrF9Y/getUpdates "HTTP/1.1 200 OK"
2025-02-04 06:48:00,249 - httpx - INFO - HTTP Request: POST https://api.telegram.org/bot7719047607:AAE-tWMiqZLoPGLXy4mIWmgOtWeje9mrF9Y/getUpdates "HTTP/1.1 200 OK"
2025-02-04 06:48:10,294 - httpx - INFO - HTTP Request: POST https://api.telegram.org/bot7719047607:AAE-tWMiqZLoPGLXy4mIWmgOtWeje9mrF9Y/getUpdates "HTTP/1.1 200 OK"
2025-02-04 06:48:20,320 - httpx - INFO - HTTP Request: POST https://api.telegram.org/bot7719047607:AAE-tWMiqZLoPGLXy4mIWmgOtWeje9mrF9Y/getUpdates "HTTP/1.1 200 OK"
2025-02-04 06:48:30,349 - httpx - INFO - HTTP Request: POST https://api.telegram.org/bot7719047607:AAE-tWMiqZLoPGLXy4mIWmgOtWeje9mrF9Y/getUpdates "HTTP/1.1 200 OK"
2025-02-04 06:48:40,374 - httpx - INFO - HTTP Request: POST https://api.telegram.org/bot7719047607:AAE-tWMiqZLoPGLXy4mIWmgOtWeje9mrF9Y/getUpdates "HTTP/1.1 200 OK"
2025-02-04 06:48:50,407 - httpx - INFO - HTTP Request: POST https://api.telegram.org/bot7719047607:AAE-tWMiqZLoPGLXy4mIWmgOtWeje9mrF9Y/getUpdates "HTTP/1.1 200 OK"
2025-02-04 06:49:00,433 - httpx - INFO - HTTP Request: POST https://api.telegram.org/bot7719047607:AAE-tWMiqZLoPGLXy4mIWmgOtWeje9mrF9Y/getUpdates "HTTP/1.1 200 OK"
2025-02-04 06:49:10,466 - httpx - INFO - HTTP Request: POST https://api.telegram.org/bot7719047607:AAE-tWMiqZLoPGLXy4mIWmgOtWeje9mrF9Y/getUpdates "HTTP/1.1 200 OK"
2025-02-04 06:49:20,499 - httpx - INFO - HTTP Request: POST https://api.telegram.org/bot7719047607:AAE-tWMiqZLoPGLXy4mIWmgOtWeje9mrF9Y/getUpdates "HTTP/1.1 200 OK"
2025-02-04 06:49:30,534 - httpx - INFO - HTTP Request: POST https://api.telegram.org/bot7719047607:AAE-tWMiqZLoPGLXy4mIWmgOtWeje9mrF9Y/getUpdates "HTTP/1.1 200 OK"
2025-02-04 06:49:40,569 - httpx - INFO - HTTP Request: POST https://api.telegram.org/bot7719047607:AAE-tWMiqZLoPGLXy4mIWmgOtWeje9mrF9Y/getUpdates "HTTP/1.1 200 OK"
2025-02-04 06:49:50,600 - httpx - INFO - HTTP Request: POST https://api.telegram.org/bot7719047607:AAE-tWMiqZLoPGLXy4mIWmgOtWeje9mrF9Y/getUpdates "HTTP/1.1 200 OK"
2025-02-04 06:50:00,629 - httpx - INFO - HTTP Request: POST https://api.telegram.org/bot7719047607:AAE-tWMiqZLoPGLXy4mIWmgOtWeje9mrF9Y/getUpdates "HTTP/1.1 200 OK"
2025-02-04 06:50:10,654 - httpx - INFO - HTTP Request: POST https://api.telegram.org/bot7719047607:AAE-tWMiqZLoPGLXy4mIWmgOtWeje9mrF9Y/getUpdates "HTTP/1.1 200 OK"
2025-02-04 06:50:20,687 - httpx - INFO - HTTP Request: POST https://api.telegram.org/bot7719047607:AAE-tWMiqZLoPGLXy4mIWmgOtWeje9mrF9Y/getUpdates "HTTP/1.1 200 OK"
2025-02-04 06:50:30,722 - httpx - INFO - HTTP Request: POST https://api.telegram.org/bot7719047607:AAE-tWMiqZLoPGLXy4mIWmgOtWeje9mrF9Y/getUpdates "HTTP/1.1 200 OK"
2025-02-04 06:50:40,752 - httpx - INFO - HTTP Request: POST https://api.telegram.org/bot7719047607:AAE-tWMiqZLoPGLXy4mIWmgOtWeje9mrF9Y/getUpdates "HTTP/1.1 200 OK"
2025-02-04 06:50:50,779 - httpx - INFO - HTTP Request: POST https://api.telegram.org/bot7719047607:AAE-tWMiqZLoPGLXy4mIWmgOtWeje9mrF9Y/getUpdates "HTTP/1.1 200 OK"
2025-02-04 06:51:00,808 - httpx - INFO - HTTP Request: POST https://api.telegram.org/bot7719047607:AAE-tWMiqZLoPGLXy4mIWmgOtWeje9mrF9Y/getUpdates "HTTP/1.1 200 OK"
2025-02-04 06:51:10,840 - httpx - INFO - HTTP Request: POST https://api.telegram.org/bot7719047607:AAE-tWMiqZLoPGLXy4mIWmgOtWeje9mrF9Y/getUpdates "HTTP/1.1 200 OK"
2025-02-04 06:51:20,873 - httpx - INFO - HTTP Request: POST https://api.telegram.org/bot7719047607:AAE-tWMiqZLoPGLXy4mIWmgOtWeje9mrF9Y/getUpdates "HTTP/1.1 200 OK"
2025-02-04 06:51:30,900 - httpx - INFO - HTTP Request: POST https://api.telegram.org/bot7719047607:AAE-tWMiqZLoPGLXy4mIWmgOtWeje9mrF9Y/getUpdates "HTTP/1.1 200 OK"
